==========================================
NCAA Model Run: Sun Nov 16 10:30:05 EST 2025
==========================================
Running NCAA Basketball model...

[1m====================================================================================================[0m
[1m[96mğŸ€ COLLEGE BASKETBALL SHARP MODEL ğŸ€[0m
[1m[92mâš¡ Targeting 56%+ Win Rate with Advanced Analytics âš¡[0m
[1m[93mğŸ“… Filtering games within next 7 days[0m
[1m====================================================================================================[0m

[1m[96mSTEP 1: Checking for Completed Games & Updating Past Picks[0m
[96mChecking 108 pending picks...[0m
[96mPending pick date range:[0m
  Oldest: 2025-11-14
  Newest: 2025-11-15
[96mFetching completed game scores...[0m
[93mâš ï¸  Could not fetch scores: 422[0m
[93mNo completed games found.[0m
[92mâœ“ Tracking dashboard saved: ncaab_tracking_dashboard.html[0m

[1m[96mSTEP 2: Loading Team Statistics[0m
[96mLoading team statistics...[0m
[93mâš ï¸  No stats cache found or cache is old. Using simulated model.[0m

[1m[96mSTEP 3: Fetching Live Odds (Next 7 Days)[0m
[92mâœ“ Fetched 30 games from The Odds API[0m
[92mâœ“ 30 games in the next 7 days[0m

[1m[96mSTEP 4: Processing Games & Generating Sharp Picks[0m

[92mâœ“ Tracking data saved to ncaab_picks_tracking.json[0m
[92m  Total picks in file: 109[0m
[35mğŸ“ LOGGED: TOTAL - âœ… BET: OVER 140.5 (Edge: +7.5)[0m
[92mâœ“ Tracking data saved to ncaab_picks_tracking.json[0m
[92m  Total picks in file: 110[0m
[35mğŸ“ LOGGED: TOTAL - âœ… BET: UNDER 156.5 (Edge: -9.1)[0m
[92mâœ“ Tracking data saved to ncaab_picks_tracking.json[0m
[92m  Total picks in file: 111[0m
[35mğŸ“ LOGGED: TOTAL - âœ… BET: OVER 140.5 (Edge: +10.1)[0m
[92mâœ“ Tracking data saved to ncaab_picks_tracking.json[0m
[92m  Total picks in file: 112[0m
[35mğŸ“ LOGGED: SPREAD - âœ… BET: Notre Dame Fighting Irish +9.5 (Edge: +9.6)[0m
[92mâœ“ Tracking data saved to ncaab_picks_tracking.json[0m
[92m  Total picks in file: 113[0m
[35mğŸ“ LOGGED: TOTAL - âœ… BET: UNDER 155.5 (Edge: -24.8)[0m
[92mâœ“ Tracking data saved to ncaab_picks_tracking.json[0m
[92m  Total picks in file: 114[0m
[35mğŸ“ LOGGED: SPREAD - âœ… BET: Bryant Bulldogs +5.5 (Edge: +5.8)[0m
[92mâœ“ Tracking data saved to ncaab_picks_tracking.json[0m
[92m  Total picks in file: 115[0m
[35mğŸ“ LOGGED: SPREAD - âœ… BET: Holy Cross Crusaders +5.5 (Edge: +8.4)[0m
[92mâœ“ Tracking data saved to ncaab_picks_tracking.json[0m
[92m  Total picks in file: 116[0m
[35mğŸ“ LOGGED: TOTAL - âœ… BET: UNDER 148.5 (Edge: -9.3)[0m
[92mâœ“ Tracking data saved to ncaab_picks_tracking.json[0m
[92m  Total picks in file: 117[0m
[35mğŸ“ LOGGED: SPREAD - âœ… BET: Stetson Hatters +11.5 (Edge: +9.0)[0m
[92mâœ“ Tracking data saved to ncaab_picks_tracking.json[0m
[92m  Total picks in file: 118[0m
[35mğŸ“ LOGGED: TOTAL - âœ… BET: UNDER 155.5 (Edge: -24.1)[0m
[92mâœ“ Tracking data saved to ncaab_picks_tracking.json[0m
[92m  Total picks in file: 119[0m
[35mğŸ“ LOGGED: SPREAD - âœ… BET: Central Arkansas Bears +7.5 (Edge: +13.8)[0m
[92mâœ“ Tracking data saved to ncaab_picks_tracking.json[0m
[92m  Total picks in file: 120[0m
[35mğŸ“ LOGGED: TOTAL - âœ… BET: UNDER 150.5 (Edge: -12.6)[0m
[92mâœ“ Tracking data saved to ncaab_picks_tracking.json[0m
[92m  Total picks in file: 121[0m
[35mğŸ“ LOGGED: SPREAD - âœ… BET: Central Connecticut State Blue Devils +10.5 (Edge: +12.7)[0m
[92mâœ“ Tracking data saved to ncaab_picks_tracking.json[0m
[92m  Total picks in file: 122[0m
[35mğŸ“ LOGGED: SPREAD - âœ… BET: Charlotte 49ers +18.5 (Edge: +18.0)[0m
[92mâœ“ Tracking data saved to ncaab_picks_tracking.json[0m
[92m  Total picks in file: 123[0m
[35mğŸ“ LOGGED: SPREAD - âœ… BET: Kennesaw State Owls +7.5 (Edge: +10.6)[0m
[92mâœ“ Tracking data saved to ncaab_picks_tracking.json[0m
[92m  Total picks in file: 124[0m
[35mğŸ“ LOGGED: TOTAL - âœ… BET: UNDER 177.5 (Edge: -40.5)[0m
[92mâœ“ Tracking data saved to ncaab_picks_tracking.json[0m
[92m  Total picks in file: 125[0m
[35mğŸ“ LOGGED: SPREAD - âœ… BET: Maine Black Bears +3.5 (Edge: +6.6)[0m
[92mâœ“ Tracking data saved to ncaab_picks_tracking.json[0m
[92m  Total picks in file: 126[0m
[35mğŸ“ LOGGED: SPREAD - âœ… BET: Texas A&M-CC Islanders +20.5 (Edge: +21.5)[0m
[92mâœ“ Tracking data saved to ncaab_picks_tracking.json[0m
[92m  Total picks in file: 127[0m
[35mğŸ“ LOGGED: TOTAL - âœ… BET: UNDER 174.5 (Edge: -29.9)[0m
[92mâœ“ Tracking data saved to ncaab_picks_tracking.json[0m
[92m  Total picks in file: 128[0m
[35mğŸ“ LOGGED: SPREAD - âœ… BET: UMass Lowell River Hawks +29.5 (Edge: +27.0)[0m
[92mâœ“ Tracking data saved to ncaab_picks_tracking.json[0m
[92m  Total picks in file: 129[0m
[35mğŸ“ LOGGED: TOTAL - âœ… BET: UNDER 165.5 (Edge: -28.8)[0m
[92mâœ“ Tracking data saved to ncaab_picks_tracking.json[0m
[92m  Total picks in file: 130[0m
[35mğŸ“ LOGGED: SPREAD - âœ… BET: Cleveland State Vikings +8.5 (Edge: +11.6)[0m
[92mâœ“ Tracking data saved to ncaab_picks_tracking.json[0m
[92m  Total picks in file: 131[0m
[35mğŸ“ LOGGED: TOTAL - âœ… BET: UNDER 161.5 (Edge: -24.6)[0m
[92mâœ“ Tracking data saved to ncaab_picks_tracking.json[0m
[92m  Total picks in file: 132[0m
[35mğŸ“ LOGGED: SPREAD - âœ… BET: Auburn Tigers +8.5 (Edge: +6.4)[0m
[92mâœ“ Tracking data saved to ncaab_picks_tracking.json[0m
[92m  Total picks in file: 133[0m
[35mğŸ“ LOGGED: TOTAL - âœ… BET: OVER 139.5 (Edge: +9.1)[0m
[92mâœ“ Tracking data saved to ncaab_picks_tracking.json[0m
[92m  Total picks in file: 134[0m
[35mğŸ“ LOGGED: SPREAD - âœ… BET: Tennessee State Tigers +12.5 (Edge: +14.4)[0m
[92mâœ“ Tracking data saved to ncaab_picks_tracking.json[0m
[92m  Total picks in file: 135[0m
[35mğŸ“ LOGGED: TOTAL - âœ… BET: UNDER 168.5 (Edge: -26.6)[0m
[92mâœ“ Tracking data saved to ncaab_picks_tracking.json[0m
[92m  Total picks in file: 136[0m
[35mğŸ“ LOGGED: SPREAD - âœ… BET: Alabama A&M Bulldogs -2.5 (Edge: +11.6)[0m
[92mâœ“ Tracking data saved to ncaab_picks_tracking.json[0m
[92m  Total picks in file: 137[0m
[35mğŸ“ LOGGED: TOTAL - âœ… BET: UNDER 151.5 (Edge: -8.4)[0m
[92mâœ“ Tracking data saved to ncaab_picks_tracking.json[0m
[92m  Total picks in file: 138[0m
[35mğŸ“ LOGGED: TOTAL - âœ… BET: UNDER 151.5 (Edge: -16.1)[0m
[92mâœ“ Tracking data saved to ncaab_picks_tracking.json[0m
[92m  Total picks in file: 139[0m
[35mğŸ“ LOGGED: TOTAL - âœ… BET: OVER 129.5 (Edge: +21.0)[0m
[92mâœ“ Tracking data saved to ncaab_picks_tracking.json[0m
[92m  Total picks in file: 140[0m
[35mğŸ“ LOGGED: TOTAL - âœ… BET: UNDER 162.5 (Edge: -13.7)[0m
[92mâœ“ Tracking data saved to ncaab_picks_tracking.json[0m
[92m  Total picks in file: 141[0m
[35mğŸ“ LOGGED: SPREAD - âœ… BET: Incarnate Word Cardinals +27.5 (Edge: +21.5)[0m
[92mâœ“ Tracking data saved to ncaab_picks_tracking.json[0m
[92m  Total picks in file: 142[0m
[35mğŸ“ LOGGED: TOTAL - âœ… BET: UNDER 157.5 (Edge: -19.5)[0m
[92mâœ“ Tracking data saved to ncaab_picks_tracking.json[0m
[92m  Total picks in file: 143[0m
[35mğŸ“ LOGGED: SPREAD - âœ… BET: Mt. State Mary's Mountaineers +26.5 (Edge: +21.8)[0m
[92mâœ“ Tracking data saved to ncaab_picks_tracking.json[0m
[92m  Total picks in file: 144[0m
[35mğŸ“ LOGGED: SPREAD - âœ… BET: Long Beach State 49ers +9.5 (Edge: +12.9)[0m
[92mâœ“ Tracking data saved to ncaab_picks_tracking.json[0m
[92m  Total picks in file: 145[0m
[35mğŸ“ LOGGED: TOTAL - âœ… BET: UNDER 142.5 (Edge: -14.8)[0m
[92mâœ“ Tracking data saved to ncaab_picks_tracking.json[0m
[92m  Total picks in file: 146[0m
[35mğŸ“ LOGGED: SPREAD - âœ… BET: Akron Zips +20.5 (Edge: +10.1)[0m
[92mâœ“ Tracking data saved to ncaab_picks_tracking.json[0m
[92m  Total picks in file: 147[0m
[35mğŸ“ LOGGED: TOTAL - âœ… BET: UNDER 160.5 (Edge: -7.4)[0m
[92mâœ“ Tracking data saved to ncaab_picks_tracking.json[0m
[92m  Total picks in file: 148[0m
[35mğŸ“ LOGGED: SPREAD - âœ… BET: CSU Northridge Matadors +5.5 (Edge: +11.1)[0m
[92mâœ“ Tracking data saved to ncaab_picks_tracking.json[0m
[92m  Total picks in file: 149[0m
[35mğŸ“ LOGGED: TOTAL - âœ… BET: UNDER 158.5 (Edge: -18.7)[0m
[92mâœ“ Tracking data saved to ncaab_picks_tracking.json[0m
[92m  Total picks in file: 150[0m
[35mğŸ“ LOGGED: SPREAD - âœ… BET: Miami Hurricanes +10.5 (Edge: +15.1)[0m
[92mâœ“ Tracking data saved to ncaab_picks_tracking.json[0m
[92m  Total picks in file: 151[0m
[35mğŸ“ LOGGED: TOTAL - âœ… BET: UNDER 169.5 (Edge: -35.4)[0m

[1m[92mâœ… Analyzed 30 games with complete odds[0m


[1m========================================================================================================================[0m
[1m[93mğŸ€ COLLEGE BASKETBALL MODEL PREDICTIONS ğŸ€[0m
[1m========================================================================================================================[0m

[1m[96mâ”â”â” GAME 1: Appalachian State Mountaineers @ Dartmouth Big Green â”â”â”[0m
[96mğŸ• 11/16 12:00 PM[0m

[93mğŸ“Š SPREAD:[0m
  Market: +1.5 | Model: -0.6 | Edge: +0.9
  [91mâŒ NO BET[0m
  [96mEdge (+0.9) not significant.[0m

[93mğŸ¯ TOTAL:[0m
  Market: 140.5 | Model: 148.0 | Edge: +7.5
  [92mâœ… BET: OVER 140.5[0m
  [96mHIGH confidence (7.5 edge)[0m

[35mğŸ“ˆ Appalachian State Mountaineers 74.3, Dartmouth Big Green 73.7[0m

[1m[96mâ”â”â” GAME 2: Wright State Raiders @ Kent State Golden Flashes â”â”â”[0m
[96mğŸ• 11/16 12:00 PM[0m

[93mğŸ“Š SPREAD:[0m
  Market: -4.5 | Model: +5.1 | Edge: +0.6
  [91mâŒ NO BET[0m
  [96mEdge (+0.6) not significant.[0m

[93mğŸ¯ TOTAL:[0m
  Market: 156.5 | Model: 147.4 | Edge: -9.1
  [92mâœ… BET: UNDER 156.5[0m
  [96mHIGH confidence (9.1 edge)[0m

[35mğŸ“ˆ Wright State Raiders 71.2, Kent State Golden Flashes 76.3[0m

[1m[96mâ”â”â” GAME 3: Wagner Seahawks @ UMBC Retrievers â”â”â”[0m
[96mğŸ• 11/16 12:00 PM[0m

[93mğŸ“Š SPREAD:[0m
  Market: -6.5 | Model: +3.1 | Edge: +3.4
  [92mâœ… BET: Wagner Seahawks +6.5[0m
  [96mMEDIUM confidence. Model predicts Wagner Seahawks covers by +3.4 points.[0m

[93mğŸ¯ TOTAL:[0m
  Market: 140.5 | Model: 150.6 | Edge: +10.1
  [92mâœ… BET: OVER 140.5[0m
  [96mHIGH confidence (10.1 edge)[0m

[35mğŸ“ˆ Wagner Seahawks 73.8, UMBC Retrievers 76.9[0m

[1m[96mâ”â”â” GAME 4: Notre Dame Fighting Irish @ Ohio State Buckeyes â”â”â”[0m
[96mğŸ• 11/16 12:30 PM[0m

[93mğŸ“Š SPREAD:[0m
  Market: -9.5 | Model: -0.1 | Edge: +9.6
  [92mâœ… BET: Notre Dame Fighting Irish +9.5[0m
  [96mMODEL PREDICTS OUTRIGHT WIN: Notre Dame Fighting Irish by +0.1 (Market: +9.5)[0m

[93mğŸ¯ TOTAL:[0m
  Market: 155.5 | Model: 130.7 | Edge: -24.8
  [92mâœ… BET: UNDER 155.5[0m
  [96mHIGH confidence (24.8 edge)[0m

[35mğŸ“ˆ Notre Dame Fighting Irish 65.4, Ohio State Buckeyes 65.3[0m

[1m[96mâ”â”â” GAME 5: Bryant Bulldogs @ Valparaiso Beacons â”â”â”[0m
[96mğŸ• 11/16 01:00 PM[0m

[93mğŸ“Š SPREAD:[0m
  Market: -5.5 | Model: -0.3 | Edge: +5.8
  [92mâœ… BET: Bryant Bulldogs +5.5[0m
  [96mMODEL PREDICTS OUTRIGHT WIN: Bryant Bulldogs by +0.3 (Market: +5.5)[0m

[93mğŸ¯ TOTAL:[0m
  Market: 143.5 | Model: 145.3 | Edge: +1.8
  [91mâŒ NO BET[0m
  [96mEdge too small (+1.8)[0m

[35mğŸ“ˆ Bryant Bulldogs 72.8, Valparaiso Beacons 72.5[0m

[1m[96mâ”â”â” GAME 6: Hampton Pirates @ Holy Cross Crusaders â”â”â”[0m
[96mğŸ• 11/16 01:00 PM[0m

[93mğŸ“Š SPREAD:[0m
  Market: +5.5 | Model: +2.9 | Edge: +8.4
  [92mâœ… BET: Holy Cross Crusaders +5.5[0m
  [96mMODEL PREDICTS OUTRIGHT WIN: Holy Cross Crusaders by +2.9 (Market: +5.5)[0m

[93mğŸ¯ TOTAL:[0m
  Market: 148.5 | Model: 139.2 | Edge: -9.3
  [92mâœ… BET: UNDER 148.5[0m
  [96mHIGH confidence (9.3 edge)[0m

[35mğŸ“ˆ Hampton Pirates 68.1, Holy Cross Crusaders 71.1[0m

[1m[96mâ”â”â” GAME 7: Stetson Hatters @ Western Carolina Catamounts â”â”â”[0m
[96mğŸ• 11/16 01:00 PM[0m

[93mğŸ“Š SPREAD:[0m
  Market: -11.5 | Model: +2.5 | Edge: +9.0
  [92mâœ… BET: Stetson Hatters +11.5[0m
  [96mHIGH confidence. Model predicts Stetson Hatters covers by +9.0 points.[0m

[93mğŸ¯ TOTAL:[0m
  Market: 155.5 | Model: 131.4 | Edge: -24.1
  [92mâœ… BET: UNDER 155.5[0m
  [96mHIGH confidence (24.1 edge)[0m

[35mğŸ“ˆ Stetson Hatters 64.4, Western Carolina Catamounts 67.0[0m

[1m[96mâ”â”â” GAME 8: Samford Bulldogs @ Central Arkansas Bears â”â”â”[0m
[96mğŸ• 11/16 02:00 PM[0m

[93mğŸ“Š SPREAD:[0m
  Market: +7.5 | Model: +6.3 | Edge: +13.8
  [92mâœ… BET: Central Arkansas Bears +7.5[0m
  [96mMODEL PREDICTS OUTRIGHT WIN: Central Arkansas Bears by +6.3 (Market: +7.5)[0m

[93mğŸ¯ TOTAL:[0m
  Market: 150.5 | Model: 137.9 | Edge: -12.6
  [92mâœ… BET: UNDER 150.5[0m
  [96mHIGH confidence (12.6 edge)[0m

[35mğŸ“ˆ Samford Bulldogs 65.8, Central Arkansas Bears 72.1[0m

[1m[96mâ”â”â” GAME 9: Central Connecticut State Blue Devils @ Massachusetts Minutemen â”â”â”[0m
[96mğŸ• 11/16 02:00 PM[0m

[93mğŸ“Š SPREAD:[0m
  Market: -10.5 | Model: -2.2 | Edge: +12.7
  [92mâœ… BET: Central Connecticut State Blue Devils +10.5[0m
  [96mMODEL PREDICTS OUTRIGHT WIN: Central Connecticut State Blue Devils by +2.2 (Market: +10.5)[0m

[93mğŸ¯ TOTAL:[0m
  Market: 142.5 | Model: 149.0 | Edge: +6.5
  [92mâœ… BET: OVER 142.5[0m
  [96mMEDIUM confidence (6.5 edge)[0m

[35mğŸ“ˆ Central Connecticut State Blue Devils 75.6, Massachusetts Minutemen 73.4[0m

[1m[96mâ”â”â” GAME 10: Charlotte 49ers @ Virginia Tech Hokies â”â”â”[0m
[96mğŸ• 11/16 02:00 PM[0m

[93mğŸ“Š SPREAD:[0m
  Market: -18.5 | Model: +0.5 | Edge: +18.0
  [92mâœ… BET: Charlotte 49ers +18.5[0m
  [96mHIGH confidence. Model predicts Charlotte 49ers covers by +18.0 points.[0m

[93mğŸ¯ TOTAL:[0m
  Market: 146.5 | Model: 140.9 | Edge: -5.6
  [92mâœ… BET: UNDER 146.5[0m
  [96mMEDIUM confidence (5.6 edge)[0m

[35mğŸ“ˆ Charlotte 49ers 70.2, Virginia Tech Hokies 70.7[0m

[1m[96mâ”â”â” GAME 11: Loyola (MD) Greyhounds @ Fairfield Stags â”â”â”[0m
[96mğŸ• 11/16 02:00 PM[0m

[93mğŸ“Š SPREAD:[0m
  Market: -3.5 | Model: +6.7 | Edge: +3.2
  [92mâœ… BET: Fairfield Stags -3.5[0m
  [96mMEDIUM confidence. Model predicts Fairfield Stags covers by +3.2 points.[0m

[93mğŸ¯ TOTAL:[0m
  Market: 133.5 | Model: 131.8 | Edge: -1.7
  [91mâŒ NO BET[0m
  [96mEdge too small (-1.7)[0m

[35mğŸ“ˆ Loyola (MD) Greyhounds 62.5, Fairfield Stags 69.3[0m

[1m[96mâ”â”â” GAME 12: South Florida Bulls @ Kennesaw State Owls â”â”â”[0m
[96mğŸ• 11/16 02:00 PM[0m

[93mğŸ“Š SPREAD:[0m
  Market: +7.5 | Model: +3.1 | Edge: +10.6
  [92mâœ… BET: Kennesaw State Owls +7.5[0m
  [96mMODEL PREDICTS OUTRIGHT WIN: Kennesaw State Owls by +3.1 (Market: +7.5)[0m

[93mğŸ¯ TOTAL:[0m
  Market: 177.5 | Model: 137.0 | Edge: -40.5
  [92mâœ… BET: UNDER 177.5[0m
  [96mHIGH confidence (40.5 edge)[0m

[35mğŸ“ˆ South Florida Bulls 66.9, Kennesaw State Owls 70.1[0m

[1m[96mâ”â”â” GAME 13: Quinnipiac Bobcats @ Maine Black Bears â”â”â”[0m
[96mğŸ• 11/16 02:00 PM[0m

[93mğŸ“Š SPREAD:[0m
  Market: +3.5 | Model: +3.1 | Edge: +6.6
  [92mâœ… BET: Maine Black Bears +3.5[0m
  [96mMODEL PREDICTS OUTRIGHT WIN: Maine Black Bears by +3.1 (Market: +3.5)[0m

[93mğŸ¯ TOTAL:[0m
  Market: 137.5 | Model: 143.6 | Edge: +6.1
  [92mâœ… BET: OVER 137.5[0m
  [96mMEDIUM confidence (6.1 edge)[0m

[35mğŸ“ˆ Quinnipiac Bobcats 70.3, Maine Black Bears 73.4[0m

[1m[96mâ”â”â” GAME 14: Texas A&M-CC Islanders @ Oklahoma State Cowboys â”â”â”[0m
[96mğŸ• 11/16 02:00 PM[0m

[93mğŸ“Š SPREAD:[0m
  Market: -20.5 | Model: -1.0 | Edge: +21.5
  [92mâœ… BET: Texas A&M-CC Islanders +20.5[0m
  [96mMODEL PREDICTS OUTRIGHT WIN: Texas A&M-CC Islanders by +1.0 (Market: +20.5)[0m

[93mğŸ¯ TOTAL:[0m
  Market: 155.5 | Model: 148.9 | Edge: -6.6
  [92mâœ… BET: UNDER 155.5[0m
  [96mMEDIUM confidence (6.6 edge)[0m

[35mğŸ“ˆ Texas A&M-CC Islanders 74.9, Oklahoma State Cowboys 73.9[0m

[1m[96mâ”â”â” GAME 15: Western Michigan Broncos @ South Dakota Coyotes â”â”â”[0m
[96mğŸ• 11/16 02:00 PM[0m

[93mğŸ“Š SPREAD:[0m
  Market: -4.5 | Model: +2.2 | Edge: +2.3
  [91mâŒ NO BET[0m
  [96mEdge (+2.3) not significant.[0m

[93mğŸ¯ TOTAL:[0m
  Market: 174.5 | Model: 144.6 | Edge: -29.9
  [92mâœ… BET: UNDER 174.5[0m
  [96mHIGH confidence (29.9 edge)[0m

[35mğŸ“ˆ Western Michigan Broncos 71.2, South Dakota Coyotes 73.4[0m

[1m[96mâ”â”â” GAME 16: UMass Lowell River Hawks @ Wake Forest Demon Deacons â”â”â”[0m
[96mğŸ• 11/16 02:00 PM[0m

[93mğŸ“Š SPREAD:[0m
  Market: -29.5 | Model: +2.5 | Edge: +27.0
  [92mâœ… BET: UMass Lowell River Hawks +29.5[0m
  [96mHIGH confidence. Model predicts UMass Lowell River Hawks covers by +27.0 points.[0m

[93mğŸ¯ TOTAL:[0m
  Market: 165.5 | Model: 136.7 | Edge: -28.8
  [92mâœ… BET: UNDER 165.5[0m
  [96mHIGH confidence (28.8 edge)[0m

[35mğŸ“ˆ UMass Lowell River Hawks 67.1, Wake Forest Demon Deacons 69.6[0m

[1m[96mâ”â”â” GAME 17: Radford Highlanders @ Cleveland State Vikings â”â”â”[0m
[96mğŸ• 11/16 02:30 PM[0m

[93mğŸ“Š SPREAD:[0m
  Market: +8.5 | Model: +3.1 | Edge: +11.6
  [92mâœ… BET: Cleveland State Vikings +8.5[0m
  [96mMODEL PREDICTS OUTRIGHT WIN: Cleveland State Vikings by +3.1 (Market: +8.5)[0m

[93mğŸ¯ TOTAL:[0m
  Market: 161.5 | Model: 136.9 | Edge: -24.6
  [92mâœ… BET: UNDER 161.5[0m
  [96mHIGH confidence (24.6 edge)[0m

[35mğŸ“ˆ Radford Highlanders 66.9, Cleveland State Vikings 70.0[0m

[1m[96mâ”â”â” GAME 18: Houston Cougars @ Auburn Tigers â”â”â”[0m
[96mğŸ• 11/16 03:00 PM[0m

[93mğŸ“Š SPREAD:[0m
  Market: +8.5 | Model: -2.1 | Edge: +6.4
  [92mâœ… BET: Auburn Tigers +8.5[0m
  [96mHIGH confidence. Model predicts Auburn Tigers covers by +6.4 points.[0m

[93mğŸ¯ TOTAL:[0m
  Market: 139.5 | Model: 148.6 | Edge: +9.1
  [92mâœ… BET: OVER 139.5[0m
  [96mHIGH confidence (9.1 edge)[0m

[35mğŸ“ˆ Houston Cougars 75.3, Auburn Tigers 73.3[0m

[1m[96mâ”â”â” GAME 19: Tennessee State Tigers @ Western Kentucky Hilltoppers â”â”â”[0m
[96mğŸ• 11/16 03:00 PM[0m

[93mğŸ“Š SPREAD:[0m
  Market: -12.5 | Model: -1.9 | Edge: +14.4
  [92mâœ… BET: Tennessee State Tigers +12.5[0m
  [96mMODEL PREDICTS OUTRIGHT WIN: Tennessee State Tigers by +1.9 (Market: +12.5)[0m

[93mğŸ¯ TOTAL:[0m
  Market: 168.5 | Model: 141.9 | Edge: -26.6
  [92mâœ… BET: UNDER 168.5[0m
  [96mHIGH confidence (26.6 edge)[0m

[35mğŸ“ˆ Tennessee State Tigers 71.9, Western Kentucky Hilltoppers 70.0[0m

[1m[96mâ”â”â” GAME 20: Lindenwood Lions @ Alabama A&M Bulldogs â”â”â”[0m
[96mğŸ• 11/16 04:00 PM[0m

[93mğŸ“Š SPREAD:[0m
  Market: -2.5 | Model: +14.1 | Edge: +11.6
  [92mâœ… BET: Alabama A&M Bulldogs -2.5[0m
  [96mHIGH confidence. Model predicts Alabama A&M Bulldogs covers by +11.6 points.[0m

[93mğŸ¯ TOTAL:[0m
  Market: 151.5 | Model: 143.1 | Edge: -8.4
  [92mâœ… BET: UNDER 151.5[0m
  [96mHIGH confidence (8.4 edge)[0m

[35mğŸ“ˆ Lindenwood Lions 64.5, Alabama A&M Bulldogs 78.6[0m

[1m[96mâ”â”â” GAME 21: Presbyterian Blue Hose @ Sacramento State Hornets â”â”â”[0m
[96mğŸ• 11/16 04:00 PM[0m

[93mğŸ“Š SPREAD:[0m
  Market: -6.5 | Model: +7.8 | Edge: +1.3
  [91mâŒ NO BET[0m
  [96mEdge (+1.3) not significant.[0m

[93mğŸ¯ TOTAL:[0m
  Market: 151.5 | Model: 135.4 | Edge: -16.1
  [92mâœ… BET: UNDER 151.5[0m
  [96mHIGH confidence (16.1 edge)[0m

[35mğŸ“ˆ Presbyterian Blue Hose 63.8, Sacramento State Hornets 71.6[0m

[1m[96mâ”â”â” GAME 22: Colorado State Rams @ Loyola (Chi) Ramblers â”â”â”[0m
[96mğŸ• 11/16 05:00 PM[0m

[93mğŸ“Š SPREAD:[0m
  Market: +4.5 | Model: -3.2 | Edge: +1.3
  [91mâŒ NO BET[0m
  [96mEdge (+1.3) not significant.[0m

[93mğŸ¯ TOTAL:[0m
  Market: 147.5 | Model: 144.7 | Edge: -2.8
  [91mâŒ NO BET[0m
  [96mEdge too small (-2.8)[0m

[35mğŸ“ˆ Colorado State Rams 74.0, Loyola (Chi) Ramblers 70.7[0m

[1m[96mâ”â”â” GAME 23: Harvard Crimson @ Marist Red Foxes â”â”â”[0m
[96mğŸ• 11/16 05:00 PM[0m

[93mğŸ“Š SPREAD:[0m
  Market: -5.5 | Model: +8.1 | Edge: +2.6
  [92mâœ… BET: Marist Red Foxes -5.5[0m
  [96mMEDIUM confidence. Model predicts Marist Red Foxes covers by +2.6 points.[0m

[93mğŸ¯ TOTAL:[0m
  Market: 129.5 | Model: 150.5 | Edge: +21.0
  [92mâœ… BET: OVER 129.5[0m
  [96mHIGH confidence (21.0 edge)[0m

[35mğŸ“ˆ Harvard Crimson 71.2, Marist Red Foxes 79.3[0m

[1m[96mâ”â”â” GAME 24: UNLV Rebels @ Memphis Tigers â”â”â”[0m
[96mğŸ• 11/16 05:00 PM[0m

[93mğŸ“Š SPREAD:[0m
  Market: -9.5 | Model: +8.0 | Edge: +1.5
  [91mâŒ NO BET[0m
  [96mEdge (+1.5) not significant.[0m

[93mğŸ¯ TOTAL:[0m
  Market: 162.5 | Model: 148.8 | Edge: -13.7
  [92mâœ… BET: UNDER 162.5[0m
  [96mHIGH confidence (13.7 edge)[0m

[35mğŸ“ˆ UNLV Rebels 70.4, Memphis Tigers 78.4[0m

[1m[96mâ”â”â” GAME 25: Incarnate Word Cardinals @ Indiana Hoosiers â”â”â”[0m
[96mğŸ• 11/16 05:30 PM[0m

[93mğŸ“Š SPREAD:[0m
  Market: -27.5 | Model: +6.0 | Edge: +21.5
  [92mâœ… BET: Incarnate Word Cardinals +27.5[0m
  [96mHIGH confidence. Model predicts Incarnate Word Cardinals covers by +21.5 points.[0m

[93mğŸ¯ TOTAL:[0m
  Market: 157.5 | Model: 138.0 | Edge: -19.5
  [92mâœ… BET: UNDER 157.5[0m
  [96mHIGH confidence (19.5 edge)[0m

[35mğŸ“ˆ Incarnate Word Cardinals 66.0, Indiana Hoosiers 72.0[0m

[1m[96mâ”â”â” GAME 26: Mt. State Mary's Mountaineers @ Cincinnati Bearcats â”â”â”[0m
[96mğŸ• 11/16 06:00 PM[0m

[93mğŸ“Š SPREAD:[0m
  Market: -26.5 | Model: +4.7 | Edge: +21.8
  [92mâœ… BET: Mt. State Mary's Mountaineers +26.5[0m
  [96mHIGH confidence. Model predicts Mt. State Mary's Mountaineers covers by +21.8 points.[0m

[93mğŸ¯ TOTAL:[0m
  Market: 147.5 | Model: 144.3 | Edge: -3.2
  [91mâŒ NO BET[0m
  [96mEdge too small (-3.2)[0m

[35mğŸ“ˆ Mt. State Mary's Mountaineers 69.8, Cincinnati Bearcats 74.5[0m

[1m[96mâ”â”â” GAME 27: Illinois State Redbirds @ Long Beach State 49ers â”â”â”[0m
[96mğŸ• 11/16 07:00 PM[0m

[93mğŸ“Š SPREAD:[0m
  Market: +9.5 | Model: +3.4 | Edge: +12.9
  [92mâœ… BET: Long Beach State 49ers +9.5[0m
  [96mMODEL PREDICTS OUTRIGHT WIN: Long Beach State 49ers by +3.4 (Market: +9.5)[0m

[93mğŸ¯ TOTAL:[0m
  Market: 142.5 | Model: 127.7 | Edge: -14.8
  [92mâœ… BET: UNDER 142.5[0m
  [96mHIGH confidence (14.8 edge)[0m

[35mğŸ“ˆ Illinois State Redbirds 62.1, Long Beach State 49ers 65.5[0m

[1m[96mâ”â”â” GAME 28: Akron Zips @ Purdue Boilermakers â”â”â”[0m
[96mğŸ• 11/16 07:30 PM[0m

[93mğŸ“Š SPREAD:[0m
  Market: -20.5 | Model: +10.4 | Edge: +10.1
  [92mâœ… BET: Akron Zips +20.5[0m
  [96mHIGH confidence. Model predicts Akron Zips covers by +10.1 points.[0m

[93mğŸ¯ TOTAL:[0m
  Market: 160.5 | Model: 153.1 | Edge: -7.4
  [92mâœ… BET: UNDER 160.5[0m
  [96mHIGH confidence (7.4 edge)[0m

[35mğŸ“ˆ Akron Zips 71.3, Purdue Boilermakers 81.8[0m

[1m[96mâ”â”â” GAME 29: Troy Trojans @ CSU Northridge Matadors â”â”â”[0m
[96mğŸ• 11/16 08:00 PM[0m

[93mğŸ“Š SPREAD:[0m
  Market: +5.5 | Model: +5.6 | Edge: +11.1
  [92mâœ… BET: CSU Northridge Matadors +5.5[0m
  [96mMODEL PREDICTS OUTRIGHT WIN: CSU Northridge Matadors by +5.6 (Market: +5.5)[0m

[93mğŸ¯ TOTAL:[0m
  Market: 158.5 | Model: 139.8 | Edge: -18.7
  [92mâœ… BET: UNDER 158.5[0m
  [96mHIGH confidence (18.7 edge)[0m

[35mğŸ“ˆ Troy Trojans 67.1, CSU Northridge Matadors 72.7[0m

[1m[96mâ”â”â” GAME 30: Florida Gators @ Miami Hurricanes â”â”â”[0m
[96mğŸ• 11/16 08:30 PM[0m

[93mğŸ“Š SPREAD:[0m
  Market: +10.5 | Model: +4.6 | Edge: +15.1
  [92mâœ… BET: Miami Hurricanes +10.5[0m
  [96mMODEL PREDICTS OUTRIGHT WIN: Miami Hurricanes by +4.6 (Market: +10.5)[0m

[93mğŸ¯ TOTAL:[0m
  Market: 169.5 | Model: 134.1 | Edge: -35.4
  [92mâœ… BET: UNDER 169.5[0m
  [96mHIGH confidence (35.4 edge)[0m

[35mğŸ“ˆ Florida Gators 64.8, Miami Hurricanes 69.4[0m

[1m========================================================================================================================[0m

[92mâœ“ CSV saved: ncaab_model_output.csv[0m
[92mâœ“ HTML saved: ncaab_model_output.html[0m

[1m[96mSTEP 5: Generating Final Tracking Dashboard[0m
[92mâœ“ Tracking dashboard saved: ncaab_tracking_dashboard.html[0m

[1m====================================================================================================[0m
[1m[93mğŸ“Š TRACKING SUMMARY ğŸ“Š[0m
[1m====================================================================================================[0m
[92mTotal Tracked Bets: 151[0m
[92mRecord: 0-0-0[0m
[92mWin Rate: 0.0%[0m
[93mProfit: +0.00 units[0m
[93mROI: +0.0%[0m
[1m====================================================================================================[0m


==========================================
âœ… NCAA Model completed successfully!
==========================================

ğŸ“¤ Pushing updates to GitHub...
[main 3880977] Update model outputs - 2025-11-16 10:30:08
 Committer: Ricardo Hill <rico@MacBookAir.lan>
Your name and email address were configured automatically based
on your username and hostname. Please check that they are accurate.
You can suppress this message by setting them explicitly. Run the
following command and follow the instructions in your editor to edit
your configuration file:

    git config --global --edit

After doing this, you may fix the identity used for this commit with:

    git commit --amend --reset-author

 4 files changed, 2517 insertions(+), 4076 deletions(-)
To https://github.com/BangLetsGetIt/NBA-NCAA-Betting-Models.git
   f6e1710..3880977  main -> main
âœ… Successfully pushed to GitHub!
==========================================
NCAA Model Run: Mon Nov 17 10:30:04 EST 2025
==========================================
Running NCAA Basketball model...

[1m====================================================================================================[0m
[1m[96mğŸ€ COLLEGE BASKETBALL SHARP MODEL ğŸ€[0m
[1m[92mâš¡ Targeting 56%+ Win Rate with Advanced Analytics âš¡[0m
[1m[93mğŸ“… Filtering games within next 7 days[0m
[1m====================================================================================================[0m

[1m[96mSTEP 1: Checking for Completed Games & Updating Past Picks[0m
[96mChecking 42 pending picks...[0m
[96mPending pick date range:[0m
  Oldest: 2025-11-17
  Newest: 2025-11-19
[96mFetching completed game scores...[0m
[92mâœ“ Fetched 176 completed games[0m
[96mFound 176 completed games from API[0m
[93mâš ï¸  No match found: Florida A&M Rattlers @ Georgia Bulldogs (2025-11-17)[0m
[93mâš ï¸  No match found: Florida A&M Rattlers @ Georgia Bulldogs (2025-11-17)[0m
[93mâš ï¸  No match found: Colgate Raiders @ Siena Saints (2025-11-18)[0m
[93mâš ï¸  No match found: Lafayette Leopards @ West Virginia Mountaineers (2025-11-18)[0m
[93mâš ï¸  No match found: Niagara Purple Eagles @ Le Moyne Dolphins (2025-11-18)[0m
[93mâš ï¸  No match found: VCU Rams @ NC State Wolfpack (2025-11-18)[0m
[93mâš ï¸  No match found: VCU Rams @ NC State Wolfpack (2025-11-18)[0m
[93mâš ï¸  No match found: Oakland Golden Grizzlies @ UCF Knights (2025-11-18)[0m
[93mâš ï¸  No match found: Oakland Golden Grizzlies @ UCF Knights (2025-11-18)[0m
[93mâš ï¸  No match found: Saint Joseph's Hawks @ Pennsylvania Quakers (2025-11-18)[0m
[93mâš ï¸  No match found: West Georgia Wolves @ Tennessee Tech Golden Eagles (2025-11-18)[0m
[93mâš ï¸  No match found: Bucknell Bison @ Pittsburgh Panthers (2025-11-18)[0m
[93mâš ï¸  No match found: Tulsa Golden Hurricane @ Kansas State Wildcats (2025-11-18)[0m
[93mâš ï¸  No match found: Tulsa Golden Hurricane @ Kansas State Wildcats (2025-11-18)[0m
[93mâš ï¸  No match found: Southern Illinois Salukis @ North Dakota State Bison (2025-11-18)[0m
[93mâš ï¸  No match found: SIU-Edwardsville Cougars @ Wisconsin Badgers (2025-11-18)[0m
[93mâš ï¸  No match found: SIU-Edwardsville Cougars @ Wisconsin Badgers (2025-11-18)[0m
[93mâš ï¸  No match found: Prairie View Panthers @ Missouri Tigers (2025-11-18)[0m
[93mâš ï¸  No match found: Prairie View Panthers @ Missouri Tigers (2025-11-18)[0m
[93mâš ï¸  No match found: Stonehill Skyhawks @ Iowa State Cyclones (2025-11-18)[0m
[93mâš ï¸  No match found: Stonehill Skyhawks @ Iowa State Cyclones (2025-11-18)[0m
[93mâš ï¸  No match found: Rice Owls @ Tennessee Volunteers (2025-11-18)[0m
[93mâš ï¸  No match found: Alabama State Hornets @ Colorado Buffaloes (2025-11-18)[0m
[93mâš ï¸  No match found: Alabama State Hornets @ Colorado Buffaloes (2025-11-18)[0m
[93mâš ï¸  No match found: Georgia State Panthers @ Arizona State Sun Devils (2025-11-18)[0m
[93mâš ï¸  No match found: Georgia State Panthers @ Arizona State Sun Devils (2025-11-18)[0m
[93mâš ï¸  No match found: North Alabama Lions @ Clemson Tigers (2025-11-18)[0m
[93mâš ï¸  No match found: Loyola Marymount Lions @ UC Santa Barbara Gauchos (2025-11-18)[0m
[93mâš ï¸  No match found: Loyola Marymount Lions @ UC Santa Barbara Gauchos (2025-11-18)[0m
[93mâš ï¸  No match found: Southern Utah Thunderbirds @ Gonzaga Bulldogs (2025-11-18)[0m
[93mâš ï¸  No match found: Southern Utah Thunderbirds @ Gonzaga Bulldogs (2025-11-18)[0m
[93mâš ï¸  No match found: CSU Bakersfield Roadrunners @ Portland State Vikings (2025-11-18)[0m
[93mâš ï¸  No match found: Oregon State Beavers @ Oregon Ducks (2025-11-18)[0m
[93mâš ï¸  No match found: Michigan State Spartans @ Kentucky Wildcats (2025-11-18)[0m
[93mâš ï¸  No match found: Kansas Jayhawks @ Duke Blue Devils (2025-11-19)[0m
[93mâš ï¸  No match found: Colgate Raiders @ Siena Saints (2025-11-18)[0m
[93mâš ï¸  No match found: Saint Joseph's Hawks @ Pennsylvania Quakers (2025-11-18)[0m
[93mâš ï¸  No match found: Southern Illinois Salukis @ North Dakota State Bison (2025-11-18)[0m
[93mâš ï¸  No match found: North Alabama Lions @ Clemson Tigers (2025-11-18)[0m
[93mâš ï¸  No match found: CSU Bakersfield Roadrunners @ Portland State Vikings (2025-11-18)[0m
[93mâš ï¸  No match found: Oregon State Beavers @ Oregon Ducks (2025-11-18)[0m
[93mâš ï¸  No match found: Kansas Jayhawks @ Duke Blue Devils (2025-11-19)[0m

[93mNo picks were updated[0m
[93mThis could mean:[0m
  1. Games haven't completed yet
  2. Team name mismatches between pick and API
  3. Games are outside the daysFrom window
[92mâœ“ Tracking dashboard saved: /Users/rico/sports-models/ncaa/ncaab_tracking_dashboard.html[0m

[1m[96mSTEP 2: Loading Team Statistics[0m
[96mLoading team statistics...[0m
[93mâš ï¸  No stats cache found or cache is old. Using simulated model.[0m

[1m[96mSTEP 3: Fetching Live Odds (Next 7 Days)[0m
[92mâœ“ Fetched 27 games from The Odds API[0m
[92mâœ“ 27 games in the next 7 days[0m

[1m[96mSTEP 4: Processing Games & Generating Sharp Picks[0m

[92mâœ“ Tracking data saved to /Users/rico/sports-models/ncaa/ncaab_picks_tracking.json[0m
[92m  Total picks in file: 194[0m
[35mğŸ“ LOGGED: SPREAD - âœ… BET: Canisius Golden Griffins +24.5 (Edge: +21.0)[0m
[92mâœ“ Tracking data saved to /Users/rico/sports-models/ncaa/ncaab_picks_tracking.json[0m
[92m  Total picks in file: 195[0m
[35mğŸ“ LOGGED: TOTAL - âœ… BET: UNDER 154.5 (Edge: -23.6)[0m
[92mâœ“ Tracking data saved to /Users/rico/sports-models/ncaa/ncaab_picks_tracking.json[0m
[92m  Total picks in file: 196[0m
[35mğŸ“ LOGGED: TOTAL - âœ… BET: UNDER 150.5 (Edge: -17.2)[0m
[92mâœ“ Tracking data saved to /Users/rico/sports-models/ncaa/ncaab_picks_tracking.json[0m
[92m  Total picks in file: 197[0m
[35mğŸ“ LOGGED: TOTAL - âœ… BET: UNDER 146.5 (Edge: -7.6)[0m
[92mâœ“ Tracking data saved to /Users/rico/sports-models/ncaa/ncaab_picks_tracking.json[0m
[92m  Total picks in file: 198[0m
[35mğŸ“ LOGGED: SPREAD - âœ… BET: UL Monroe Warhawks +10.5 (Edge: +9.9)[0m
[92mâœ“ Tracking data saved to /Users/rico/sports-models/ncaa/ncaab_picks_tracking.json[0m
[92m  Total picks in file: 199[0m
[35mğŸ“ LOGGED: TOTAL - âœ… BET: OVER 141.5 (Edge: +8.5)[0m

[1m[92mâœ… Analyzed 27 games with complete odds[0m


[1m========================================================================================================================[0m
[1m[93mğŸ€ COLLEGE BASKETBALL MODEL PREDICTIONS ğŸ€[0m
[1m========================================================================================================================[0m

[1m[96mâ”â”â” GAME 1: Florida A&M Rattlers @ Georgia Bulldogs â”â”â”[0m
[96mğŸ• 11/17 06:30 PM[0m

[93mğŸ“Š SPREAD:[0m
  Market: -40.5 | Model: +2.9 | Edge: +37.6
  [92mâœ… BET: Florida A&M Rattlers +40.5[0m
  [96mHIGH confidence. Model predicts Florida A&M Rattlers covers by +37.6 points.[0m

[93mğŸ¯ TOTAL:[0m
  Market: 171.5 | Model: 139.8 | Edge: -31.7
  [92mâœ… BET: UNDER 171.5[0m
  [96mHIGH confidence (31.7 edge)[0m

[35mğŸ“ˆ Florida A&M Rattlers 68.4, Georgia Bulldogs 71.4[0m

[1m[96mâ”â”â” GAME 2: Canisius Golden Griffins @ High Point Panthers â”â”â”[0m
[96mğŸ• 11/17 07:00 PM[0m

[93mğŸ“Š SPREAD:[0m
  Market: -24.5 | Model: +3.5 | Edge: +21.0
  [92mâœ… BET: Canisius Golden Griffins +24.5[0m
  [96mHIGH confidence. Model predicts Canisius Golden Griffins covers by +21.0 points.[0m

[93mğŸ¯ TOTAL:[0m
  Market: 154.5 | Model: 130.9 | Edge: -23.6
  [92mâœ… BET: UNDER 154.5[0m
  [96mHIGH confidence (23.6 edge)[0m

[35mğŸ“ˆ Canisius Golden Griffins 63.7, High Point Panthers 67.2[0m

[1m[96mâ”â”â” GAME 3: Colgate Raiders @ Siena Saints â”â”â”[0m
[96mğŸ• 11/17 07:00 PM[0m

[93mğŸ“Š SPREAD:[0m
  Market: -6.5 | Model: -0.8 | Edge: +7.3
  [92mâœ… BET: Colgate Raiders +6.5[0m
  [96mMODEL PREDICTS OUTRIGHT WIN: Colgate Raiders by +0.8 (Market: +6.5)[0m

[93mğŸ¯ TOTAL:[0m
  Market: 147.5 | Model: 131.3 | Edge: -16.2
  [92mâœ… BET: UNDER 147.5[0m
  [96mHIGH confidence (16.2 edge)[0m

[35mğŸ“ˆ Colgate Raiders 66.0, Siena Saints 65.3[0m

[1m[96mâ”â”â” GAME 4: Lafayette Leopards @ West Virginia Mountaineers â”â”â”[0m
[96mğŸ• 11/17 07:00 PM[0m

[93mğŸ“Š SPREAD:[0m
  Market: -25.5 | Model: -0.4 | Edge: +25.9
  [92mâœ… BET: Lafayette Leopards +25.5[0m
  [96mMODEL PREDICTS OUTRIGHT WIN: Lafayette Leopards by +0.4 (Market: +25.5)[0m

[93mğŸ¯ TOTAL:[0m
  Market: 134.5 | Model: 129.2 | Edge: -5.3
  [92mâœ… BET: UNDER 134.5[0m
  [96mMEDIUM confidence (5.3 edge)[0m

[35mğŸ“ˆ Lafayette Leopards 64.8, West Virginia Mountaineers 64.4[0m

[1m[96mâ”â”â” GAME 5: Niagara Purple Eagles @ Le Moyne Dolphins â”â”â”[0m
[96mğŸ• 11/17 07:00 PM[0m

[93mğŸ“Š SPREAD:[0m
  Market: +1.5 | Model: +4.5 | Edge: +6.0
  [92mâœ… BET: Le Moyne Dolphins +1.5[0m
  [96mMODEL PREDICTS OUTRIGHT WIN: Le Moyne Dolphins by +4.5 (Market: +1.5)[0m

[93mğŸ¯ TOTAL:[0m
  Market: 139.5 | Model: 142.7 | Edge: +3.2
  [91mâŒ NO BET[0m
  [96mEdge too small (+3.2)[0m

[35mğŸ“ˆ Niagara Purple Eagles 69.1, Le Moyne Dolphins 73.6[0m

[1m[96mâ”â”â” GAME 6: VCU Rams @ NC State Wolfpack â”â”â”[0m
[96mğŸ• 11/17 07:00 PM[0m

[93mğŸ“Š SPREAD:[0m
  Market: -12.5 | Model: +6.4 | Edge: +6.1
  [92mâœ… BET: VCU Rams +12.5[0m
  [96mHIGH confidence. Model predicts VCU Rams covers by +6.1 points.[0m

[93mğŸ¯ TOTAL:[0m
  Market: 165.5 | Model: 136.4 | Edge: -29.1
  [92mâœ… BET: UNDER 165.5[0m
  [96mHIGH confidence (29.1 edge)[0m

[35mğŸ“ˆ VCU Rams 65.0, NC State Wolfpack 71.4[0m

[1m[96mâ”â”â” GAME 7: Oakland Golden Grizzlies @ UCF Knights â”â”â”[0m
[96mğŸ• 11/17 07:00 PM[0m

[93mğŸ“Š SPREAD:[0m
  Market: -12.5 | Model: +5.2 | Edge: +7.3
  [92mâœ… BET: Oakland Golden Grizzlies +12.5[0m
  [96mHIGH confidence. Model predicts Oakland Golden Grizzlies covers by +7.3 points.[0m

[93mğŸ¯ TOTAL:[0m
  Market: 160.5 | Model: 146.5 | Edge: -14.0
  [92mâœ… BET: UNDER 160.5[0m
  [96mHIGH confidence (14.0 edge)[0m

[35mğŸ“ˆ Oakland Golden Grizzlies 70.7, UCF Knights 75.8[0m

[1m[96mâ”â”â” GAME 8: Saint Joseph's Hawks @ Pennsylvania Quakers â”â”â”[0m
[96mğŸ• 11/17 07:00 PM[0m

[93mğŸ“Š SPREAD:[0m
  Market: +5.5 | Model: +7.9 | Edge: +13.4
  [92mâœ… BET: Pennsylvania Quakers +5.5[0m
  [96mMODEL PREDICTS OUTRIGHT WIN: Pennsylvania Quakers by +7.9 (Market: +5.5)[0m

[93mğŸ¯ TOTAL:[0m
  Market: 161.5 | Model: 143.3 | Edge: -18.2
  [92mâœ… BET: UNDER 161.5[0m
  [96mHIGH confidence (18.2 edge)[0m

[35mğŸ“ˆ Saint Joseph's Hawks 67.7, Pennsylvania Quakers 75.6[0m

[1m[96mâ”â”â” GAME 9: West Georgia Wolves @ Tennessee Tech Golden Eagles â”â”â”[0m
[96mğŸ• 11/17 07:00 PM[0m

[93mğŸ“Š SPREAD:[0m
  Market: -3.5 | Model: +9.2 | Edge: +5.7
  [92mâœ… BET: Tennessee Tech Golden Eagles -3.5[0m
  [96mHIGH confidence. Model predicts Tennessee Tech Golden Eagles covers by +5.7 points.[0m

[93mğŸ¯ TOTAL:[0m
  Market: 150.5 | Model: 133.3 | Edge: -17.2
  [92mâœ… BET: UNDER 150.5[0m
  [96mHIGH confidence (17.2 edge)[0m

[35mğŸ“ˆ West Georgia Wolves 62.1, Tennessee Tech Golden Eagles 71.2[0m

[1m[96mâ”â”â” GAME 10: Drake Bulldogs @ Charleston Cougars â”â”â”[0m
[96mğŸ• 11/17 07:00 PM[0m

[93mğŸ“Š SPREAD:[0m
  Market: -7.5 | Model: +3.7 | Edge: +3.8
  [92mâœ… BET: Drake Bulldogs +7.5[0m
  [96mMEDIUM confidence. Model predicts Drake Bulldogs covers by +3.8 points.[0m

[93mğŸ¯ TOTAL:[0m
  Market: 146.5 | Model: 138.9 | Edge: -7.6
  [92mâœ… BET: UNDER 146.5[0m
  [96mHIGH confidence (7.6 edge)[0m

[35mğŸ“ˆ Drake Bulldogs 67.6, Charleston Cougars 71.3[0m

[1m[96mâ”â”â” GAME 11: Bucknell Bison @ Pittsburgh Panthers â”â”â”[0m
[96mğŸ• 11/17 07:00 PM[0m

[93mğŸ“Š SPREAD:[0m
  Market: -16.5 | Model: +6.7 | Edge: +9.8
  [92mâœ… BET: Bucknell Bison +16.5[0m
  [96mHIGH confidence. Model predicts Bucknell Bison covers by +9.8 points.[0m

[93mğŸ¯ TOTAL:[0m
  Market: 141.5 | Model: 143.0 | Edge: +1.5
  [91mâŒ NO BET[0m
  [96mEdge too small (+1.5)[0m

[35mğŸ“ˆ Bucknell Bison 68.1, Pittsburgh Panthers 74.8[0m

[1m[96mâ”â”â” GAME 12: Lamar Cardinals @ UL Monroe Warhawks â”â”â”[0m
[96mğŸ• 11/17 07:30 PM[0m

[93mğŸ“Š SPREAD:[0m
  Market: +10.5 | Model: -0.6 | Edge: +9.9
  [92mâœ… BET: UL Monroe Warhawks +10.5[0m
  [96mHIGH confidence. Model predicts UL Monroe Warhawks covers by +9.9 points.[0m

[93mğŸ¯ TOTAL:[0m
  Market: 140.5 | Model: 135.0 | Edge: -5.5
  [92mâœ… BET: UNDER 140.5[0m
  [96mMEDIUM confidence (5.5 edge)[0m

[35mğŸ“ˆ Lamar Cardinals 67.8, UL Monroe Warhawks 67.2[0m

[1m[96mâ”â”â” GAME 13: Tulsa Golden Hurricane @ Kansas State Wildcats â”â”â”[0m
[96mğŸ• 11/17 08:00 PM[0m

[93mğŸ“Š SPREAD:[0m
  Market: -12.5 | Model: +7.1 | Edge: +5.4
  [92mâœ… BET: Tulsa Golden Hurricane +12.5[0m
  [96mHIGH confidence. Model predicts Tulsa Golden Hurricane covers by +5.4 points.[0m

[93mğŸ¯ TOTAL:[0m
  Market: 162.5 | Model: 141.0 | Edge: -21.5
  [92mâœ… BET: UNDER 162.5[0m
  [96mHIGH confidence (21.5 edge)[0m

[35mğŸ“ˆ Tulsa Golden Hurricane 66.9, Kansas State Wildcats 74.0[0m

[1m[96mâ”â”â” GAME 14: Southern Illinois Salukis @ North Dakota State Bison â”â”â”[0m
[96mğŸ• 11/17 08:00 PM[0m

[93mğŸ“Š SPREAD:[0m
  Market: +1.5 | Model: -1.4 | Edge: +0.1
  [91mâŒ NO BET[0m
  [96mEdge (+0.1) not significant.[0m

[93mğŸ¯ TOTAL:[0m
  Market: 153.5 | Model: 147.6 | Edge: -5.9
  [92mâœ… BET: UNDER 153.5[0m
  [96mMEDIUM confidence (5.9 edge)[0m

[35mğŸ“ˆ Southern Illinois Salukis 74.5, North Dakota State Bison 73.1[0m

[1m[96mâ”â”â” GAME 15: SIU-Edwardsville Cougars @ Wisconsin Badgers â”â”â”[0m
[96mğŸ• 11/17 08:00 PM[0m

[93mğŸ“Š SPREAD:[0m
  Market: -25.5 | Model: +7.3 | Edge: +18.2
  [92mâœ… BET: SIU-Edwardsville Cougars +25.5[0m
  [96mHIGH confidence. Model predicts SIU-Edwardsville Cougars covers by +18.2 points.[0m

[93mğŸ¯ TOTAL:[0m
  Market: 145.5 | Model: 149.6 | Edge: +4.1
  [92mâœ… BET: OVER 145.5[0m
  [96mMEDIUM confidence (4.1 edge)[0m

[35mğŸ“ˆ SIU-Edwardsville Cougars 71.1, Wisconsin Badgers 78.5[0m

[1m[96mâ”â”â” GAME 16: Prairie View Panthers @ Missouri Tigers â”â”â”[0m
[96mğŸ• 11/17 08:00 PM[0m

[93mğŸ“Š SPREAD:[0m
  Market: -35.5 | Model: +1.0 | Edge: +34.5
  [92mâœ… BET: Prairie View Panthers +35.5[0m
  [96mHIGH confidence. Model predicts Prairie View Panthers covers by +34.5 points.[0m

[93mğŸ¯ TOTAL:[0m
  Market: 164.5 | Model: 146.9 | Edge: -17.6
  [92mâœ… BET: UNDER 164.5[0m
  [96mHIGH confidence (17.6 edge)[0m

[35mğŸ“ˆ Prairie View Panthers 72.9, Missouri Tigers 73.9[0m

[1m[96mâ”â”â” GAME 17: Stonehill Skyhawks @ Iowa State Cyclones â”â”â”[0m
[96mğŸ• 11/17 08:00 PM[0m

[93mğŸ“Š SPREAD:[0m
  Market: -39.5 | Model: +3.4 | Edge: +36.1
  [92mâœ… BET: Stonehill Skyhawks +39.5[0m
  [96mHIGH confidence. Model predicts Stonehill Skyhawks covers by +36.1 points.[0m

[93mğŸ¯ TOTAL:[0m
  Market: 147.5 | Model: 136.0 | Edge: -11.5
  [92mâœ… BET: UNDER 147.5[0m
  [96mHIGH confidence (11.5 edge)[0m

[35mğŸ“ˆ Stonehill Skyhawks 66.3, Iowa State Cyclones 69.7[0m

[1m[96mâ”â”â” GAME 18: Rice Owls @ Tennessee Volunteers â”â”â”[0m
[96mğŸ• 11/17 08:30 PM[0m

[93mğŸ“Š SPREAD:[0m
  Market: -26.5 | Model: +6.2 | Edge: +20.3
  [92mâœ… BET: Rice Owls +26.5[0m
  [96mHIGH confidence. Model predicts Rice Owls covers by +20.3 points.[0m

[93mğŸ¯ TOTAL:[0m
  Market: 141.5 | Model: 150.0 | Edge: +8.5
  [92mâœ… BET: OVER 141.5[0m
  [96mHIGH confidence (8.5 edge)[0m

[35mğŸ“ˆ Rice Owls 71.9, Tennessee Volunteers 78.1[0m

[1m[96mâ”â”â” GAME 19: Alabama State Hornets @ Colorado Buffaloes â”â”â”[0m
[96mğŸ• 11/17 09:00 PM[0m

[93mğŸ“Š SPREAD:[0m
  Market: -20.5 | Model: -4.9 | Edge: +25.4
  [92mâœ… BET: Alabama State Hornets +20.5[0m
  [96mMODEL PREDICTS OUTRIGHT WIN: Alabama State Hornets by +4.9 (Market: +20.5)[0m

[93mğŸ¯ TOTAL:[0m
  Market: 153.5 | Model: 139.3 | Edge: -14.2
  [92mâœ… BET: UNDER 153.5[0m
  [96mHIGH confidence (14.2 edge)[0m

[35mğŸ“ˆ Alabama State Hornets 72.1, Colorado Buffaloes 67.2[0m

[1m[96mâ”â”â” GAME 20: Georgia State Panthers @ Arizona State Sun Devils â”â”â”[0m
[96mğŸ• 11/17 09:00 PM[0m

[93mğŸ“Š SPREAD:[0m
  Market: -17.5 | Model: +8.3 | Edge: +9.2
  [92mâœ… BET: Georgia State Panthers +17.5[0m
  [96mHIGH confidence. Model predicts Georgia State Panthers covers by +9.2 points.[0m

[93mğŸ¯ TOTAL:[0m
  Market: 142.5 | Model: 139.1 | Edge: -3.4
  [91mâŒ NO BET[0m
  [96mEdge too small (-3.4)[0m

[35mğŸ“ˆ Georgia State Panthers 65.4, Arizona State Sun Devils 73.7[0m

[1m[96mâ”â”â” GAME 21: North Alabama Lions @ Clemson Tigers â”â”â”[0m
[96mğŸ• 11/17 09:00 PM[0m

[93mğŸ“Š SPREAD:[0m
  Market: -24.5 | Model: -5.1 | Edge: +29.6
  [92mâœ… BET: North Alabama Lions +24.5[0m
  [96mMODEL PREDICTS OUTRIGHT WIN: North Alabama Lions by +5.1 (Market: +24.5)[0m

[93mğŸ¯ TOTAL:[0m
  Market: 144.5 | Model: 132.0 | Edge: -12.5
  [92mâœ… BET: UNDER 144.5[0m
  [96mHIGH confidence (12.5 edge)[0m

[35mğŸ“ˆ North Alabama Lions 68.5, Clemson Tigers 63.5[0m

[1m[96mâ”â”â” GAME 22: Loyola Marymount Lions @ UC Santa Barbara Gauchos â”â”â”[0m
[96mğŸ• 11/17 09:00 PM[0m

[93mğŸ“Š SPREAD:[0m
  Market: -3.5 | Model: -5.6 | Edge: +9.1
  [92mâœ… BET: Loyola Marymount Lions +3.5[0m
  [96mMODEL PREDICTS OUTRIGHT WIN: Loyola Marymount Lions by +5.6 (Market: +3.5)[0m

[93mğŸ¯ TOTAL:[0m
  Market: 143.5 | Model: 133.6 | Edge: -9.9
  [92mâœ… BET: UNDER 143.5[0m
  [96mHIGH confidence (9.9 edge)[0m

[35mğŸ“ˆ Loyola Marymount Lions 69.6, UC Santa Barbara Gauchos 64.0[0m

[1m[96mâ”â”â” GAME 23: Southern Utah Thunderbirds @ Gonzaga Bulldogs â”â”â”[0m
[96mğŸ• 11/17 09:00 PM[0m

[93mğŸ“Š SPREAD:[0m
  Market: -35.5 | Model: +3.2 | Edge: +32.3
  [92mâœ… BET: Southern Utah Thunderbirds +35.5[0m
  [96mHIGH confidence. Model predicts Southern Utah Thunderbirds covers by +32.3 points.[0m

[93mğŸ¯ TOTAL:[0m
  Market: 160.5 | Model: 127.8 | Edge: -32.7
  [92mâœ… BET: UNDER 160.5[0m
  [96mHIGH confidence (32.7 edge)[0m

[35mğŸ“ˆ Southern Utah Thunderbirds 62.3, Gonzaga Bulldogs 65.5[0m

[1m[96mâ”â”â” GAME 24: CSU Bakersfield Roadrunners @ Portland State Vikings â”â”â”[0m
[96mğŸ• 11/17 10:00 PM[0m

[93mğŸ“Š SPREAD:[0m
  Market: -6.5 | Model: +8.8 | Edge: +2.3
  [91mâŒ NO BET[0m
  [96mEdge (+2.3) not significant.[0m

[93mğŸ¯ TOTAL:[0m
  Market: 142.5 | Model: 137.0 | Edge: -5.5
  [92mâœ… BET: UNDER 142.5[0m
  [96mMEDIUM confidence (5.5 edge)[0m

[35mğŸ“ˆ CSU Bakersfield Roadrunners 64.1, Portland State Vikings 72.9[0m

[1m[96mâ”â”â” GAME 25: Oregon State Beavers @ Oregon Ducks â”â”â”[0m
[96mğŸ• 11/17 10:00 PM[0m

[93mğŸ“Š SPREAD:[0m
  Market: -13.5 | Model: +8.1 | Edge: +5.4
  [92mâœ… BET: Oregon State Beavers +13.5[0m
  [96mHIGH confidence. Model predicts Oregon State Beavers covers by +5.4 points.[0m

[93mğŸ¯ TOTAL:[0m
  Market: 140.5 | Model: 146.8 | Edge: +6.3
  [92mâœ… BET: OVER 140.5[0m
  [96mMEDIUM confidence (6.3 edge)[0m

[35mğŸ“ˆ Oregon State Beavers 69.3, Oregon Ducks 77.5[0m

[1m[96mâ”â”â” GAME 26: Michigan State Spartans @ Kentucky Wildcats â”â”â”[0m
[96mğŸ• 11/18 06:30 PM[0m

[93mğŸ“Š SPREAD:[0m
  Market: -5.5 | Model: +2.7 | Edge: +2.8
  [92mâœ… BET: Michigan State Spartans +5.5[0m
  [96mMEDIUM confidence. Model predicts Michigan State Spartans covers by +2.8 points.[0m

[93mğŸ¯ TOTAL:[0m
  Market: 154.5 | Model: 145.0 | Edge: -9.5
  [92mâœ… BET: UNDER 154.5[0m
  [96mHIGH confidence (9.5 edge)[0m

[35mğŸ“ˆ Michigan State Spartans 71.2, Kentucky Wildcats 73.9[0m

[1m[96mâ”â”â” GAME 27: Kansas Jayhawks @ Duke Blue Devils â”â”â”[0m
[96mğŸ• 11/18 09:00 PM[0m

[93mğŸ“Š SPREAD:[0m
  Market: -7.5 | Model: +2.6 | Edge: +4.9
  [92mâœ… BET: Kansas Jayhawks +7.5[0m
  [96mMEDIUM confidence. Model predicts Kansas Jayhawks covers by +4.9 points.[0m

[93mğŸ¯ TOTAL:[0m
  Market: 150.5 | Model: 136.5 | Edge: -14.0
  [92mâœ… BET: UNDER 150.5[0m
  [96mHIGH confidence (14.0 edge)[0m

[35mğŸ“ˆ Kansas Jayhawks 66.9, Duke Blue Devils 69.6[0m

[1m========================================================================================================================[0m

[92mâœ“ CSV saved: /Users/rico/sports-models/ncaa/ncaab_model_output.csv[0m
[92mâœ“ HTML saved: /Users/rico/sports-models/ncaa/ncaab_model_output.html[0m

[1m[96mSTEP 5: Generating Final Tracking Dashboard[0m
[92mâœ“ Tracking dashboard saved: /Users/rico/sports-models/ncaa/ncaab_tracking_dashboard.html[0m

[1m====================================================================================================[0m
[1m[93mğŸ“Š TRACKING SUMMARY ğŸ“Š[0m
[1m====================================================================================================[0m
[92mTotal Tracked Bets: 199[0m
[92mRecord: 90-61-0[0m
[92mWin Rate: 59.6%[0m
[92mProfit: +20.90 units[0m
[92mROI: +13.8%[0m
[1m====================================================================================================[0m


==========================================
âœ… NCAA Model completed successfully!
==========================================

ğŸ“¤ Pushing updates to GitHub...
[main 78d9fdd] Update model outputs - 2025-11-17 10:30:06
 Committer: Ricardo Hill <rico@Ricos-M1-Mac-2.local>
Your name and email address were configured automatically based
on your username and hostname. Please check that they are accurate.
You can suppress this message by setting them explicitly. Run the
following command and follow the instructions in your editor to edit
your configuration file:

    git config --global --edit

After doing this, you may fix the identity used for this commit with:

    git commit --amend --reset-author

 4 files changed, 608 insertions(+), 314 deletions(-)
To https://github.com/BangLetsGetIt/NBA-NCAA-Betting-Models.git
   b23fe14..78d9fdd  main -> main
âœ… Successfully pushed to GitHub!
==========================================
NCAA Model Run: Tue Nov 18 10:34:13 EST 2025
==========================================
Running NCAA Basketball model...
Traceback (most recent call last):
  File "/Library/Frameworks/Python.framework/Versions/3.13/lib/python3.13/site-packages/urllib3/connection.py", line 198, in _new_conn
    sock = connection.create_connection(
        (self._dns_host, self.port),
    ...<2 lines>...
        socket_options=self.socket_options,
    )
  File "/Library/Frameworks/Python.framework/Versions/3.13/lib/python3.13/site-packages/urllib3/util/connection.py", line 60, in create_connection
    for res in socket.getaddrinfo(host, port, family, socket.SOCK_STREAM):
               ~~~~~~~~~~~~~~~~~~^^^^^^^^^^^^^^^^^^^^^^^^^^^^^^^^^^^^^^^^
  File "/Library/Frameworks/Python.framework/Versions/3.13/lib/python3.13/socket.py", line 977, in getaddrinfo
    for res in _socket.getaddrinfo(host, port, family, type, proto, flags):
               ~~~~~~~~~~~~~~~~~~~^^^^^^^^^^^^^^^^^^^^^^^^^^^^^^^^^^^^^^^^
socket.gaierror: [Errno 8] nodename nor servname provided, or not known

The above exception was the direct cause of the following exception:

Traceback (most recent call last):
  File "/Library/Frameworks/Python.framework/Versions/3.13/lib/python3.13/site-packages/urllib3/connectionpool.py", line 787, in urlopen
    response = self._make_request(
        conn,
    ...<10 lines>...
        **response_kw,
    )
  File "/Library/Frameworks/Python.framework/Versions/3.13/lib/python3.13/site-packages/urllib3/connectionpool.py", line 488, in _make_request
    raise new_e
  File "/Library/Frameworks/Python.framework/Versions/3.13/lib/python3.13/site-packages/urllib3/connectionpool.py", line 464, in _make_request
    self._validate_conn(conn)
    ~~~~~~~~~~~~~~~~~~~^^^^^^
  File "/Library/Frameworks/Python.framework/Versions/3.13/lib/python3.13/site-packages/urllib3/connectionpool.py", line 1093, in _validate_conn
    conn.connect()
    ~~~~~~~~~~~~^^
  File "/Library/Frameworks/Python.framework/Versions/3.13/lib/python3.13/site-packages/urllib3/connection.py", line 753, in connect
    self.sock = sock = self._new_conn()
                       ~~~~~~~~~~~~~~^^
  File "/Library/Frameworks/Python.framework/Versions/3.13/lib/python3.13/site-packages/urllib3/connection.py", line 205, in _new_conn
    raise NameResolutionError(self.host, self, e) from e
urllib3.exceptions.NameResolutionError: <urllib3.connection.HTTPSConnection object at 0x105a80a50>: Failed to resolve 'api.the-odds-api.com' ([Errno 8] nodename nor servname provided, or not known)

The above exception was the direct cause of the following exception:

Traceback (most recent call last):
  File "/Library/Frameworks/Python.framework/Versions/3.13/lib/python3.13/site-packages/requests/adapters.py", line 667, in send
    resp = conn.urlopen(
        method=request.method,
    ...<9 lines>...
        chunked=chunked,
    )
  File "/Library/Frameworks/Python.framework/Versions/3.13/lib/python3.13/site-packages/urllib3/connectionpool.py", line 841, in urlopen
    retries = retries.increment(
        method, url, error=new_e, _pool=self, _stacktrace=sys.exc_info()[2]
    )
  File "/Library/Frameworks/Python.framework/Versions/3.13/lib/python3.13/site-packages/urllib3/util/retry.py", line 519, in increment
    raise MaxRetryError(_pool, url, reason) from reason  # type: ignore[arg-type]
    ^^^^^^^^^^^^^^^^^^^^^^^^^^^^^^^^^^^^^^^^^^^^^^^^^^^
urllib3.exceptions.MaxRetryError: HTTPSConnectionPool(host='api.the-odds-api.com', port=443): Max retries exceeded with url: /v4/sports/basketball_ncaab/odds/?apiKey=671958bc1621170701241a09d5ecc627&regions=us&markets=h2h%2Cspreads%2Ctotals&oddsFormat=american&dateFormat=iso (Caused by NameResolutionError("<urllib3.connection.HTTPSConnection object at 0x105a80a50>: Failed to resolve 'api.the-odds-api.com' ([Errno 8] nodename nor servname provided, or not known)"))

During handling of the above exception, another exception occurred:

Traceback (most recent call last):
  File "/Users/rico/sports-models/ncaa/ncaab_model_FINAL.py", line 524, in fetch_odds
    response = requests.get(BASE_URL, params=PARAMS, timeout=15)
  File "/Library/Frameworks/Python.framework/Versions/3.13/lib/python3.13/site-packages/requests/api.py", line 73, in get
    return request("get", url, params=params, **kwargs)
  File "/Library/Frameworks/Python.framework/Versions/3.13/lib/python3.13/site-packages/requests/api.py", line 59, in request
    return session.request(method=method, url=url, **kwargs)
           ~~~~~~~~~~~~~~~^^^^^^^^^^^^^^^^^^^^^^^^^^^^^^^^^^
  File "/Library/Frameworks/Python.framework/Versions/3.13/lib/python3.13/site-packages/requests/sessions.py", line 589, in request
    resp = self.send(prep, **send_kwargs)
  File "/Library/Frameworks/Python.framework/Versions/3.13/lib/python3.13/site-packages/requests/sessions.py", line 703, in send
    r = adapter.send(request, **kwargs)
  File "/Library/Frameworks/Python.framework/Versions/3.13/lib/python3.13/site-packages/requests/adapters.py", line 700, in send
    raise ConnectionError(e, request=request)
requests.exceptions.ConnectionError: HTTPSConnectionPool(host='api.the-odds-api.com', port=443): Max retries exceeded with url: /v4/sports/basketball_ncaab/odds/?apiKey=671958bc1621170701241a09d5ecc627&regions=us&markets=h2h%2Cspreads%2Ctotals&oddsFormat=american&dateFormat=iso (Caused by NameResolutionError("<urllib3.connection.HTTPSConnection object at 0x105a80a50>: Failed to resolve 'api.the-odds-api.com' ([Errno 8] nodename nor servname provided, or not known)"))

[1m====================================================================================================[0m
[1m[96mğŸ€ COLLEGE BASKETBALL SHARP MODEL ğŸ€[0m
[1m[92mâš¡ Targeting 56%+ Win Rate with Advanced Analytics âš¡[0m
[1m[93mğŸ“… Filtering games within next 7 days[0m
[1m====================================================================================================[0m

[1m[96mSTEP 1: Checking for Completed Games & Updating Past Picks[0m
[96mChecking 84 pending picks...[0m
[96mPending pick date range:[0m
  Oldest: 2025-11-18
  Newest: 2025-11-19
[96mFetching completed game scores...[0m
[91mError fetching scores: HTTPSConnectionPool(host='api.the-odds-api.com', port=443): Max retries exceeded with url: /v4/sports/basketball_ncaab/scores/?apiKey=671958bc1621170701241a09d5ecc627&daysFrom=3 (Caused by NameResolutionError("<urllib3.connection.HTTPSConnection object at 0x105903380>: Failed to resolve 'api.the-odds-api.com' ([Errno 8] nodename nor servname provided, or not known)"))[0m
[93mNo completed games found.[0m
[92mâœ“ Tracking dashboard saved: /Users/rico/sports-models/ncaa/ncaab_tracking_dashboard.html[0m

[1m[96mSTEP 2: Loading Team Statistics[0m
[96mLoading team statistics...[0m
[93mâš ï¸  No stats cache found or cache is old. Using simulated model.[0m

[1m[96mSTEP 3: Fetching Live Odds (Next 7 Days)[0m
[91mError fetching odds: HTTPSConnectionPool(host='api.the-odds-api.com', port=443): Max retries exceeded with url: /v4/sports/basketball_ncaab/odds/?apiKey=671958bc1621170701241a09d5ecc627&regions=us&markets=h2h%2Cspreads%2Ctotals&oddsFormat=american&dateFormat=iso (Caused by NameResolutionError("<urllib3.connection.HTTPSConnection object at 0x105a80a50>: Failed to resolve 'api.the-odds-api.com' ([Errno 8] nodename nor servname provided, or not known)"))[0m

[93mâš ï¸  No games found from The Odds API in next 7 days.[0m


==========================================
âœ… NCAA Model completed successfully!
==========================================

ğŸ“¤ Pushing updates to GitHub...
[main 0a893fe] Update model outputs - 2025-11-18 10:34:15
 Committer: Ricardo Hill <rico@Ricos-M1-Mac-2.local>
Your name and email address were configured automatically based
on your username and hostname. Please check that they are accurate.
You can suppress this message by setting them explicitly. Run the
following command and follow the instructions in your editor to edit
your configuration file:

    git config --global --edit

After doing this, you may fix the identity used for this commit with:

    git commit --amend --reset-author

 1 file changed, 1 insertion(+), 1 deletion(-)
fatal: unable to access 'https://github.com/BangLetsGetIt/NBA-NCAA-Betting-Models.git/': Could not resolve host: github.com
âš ï¸  Push failed - you may need to set up the GitHub remote first
