============================================================
Scheduler run: nba_rebounds_props
Time: Wed Dec 17 18:10:03 EST 2025
Working dir: /Users/rico/sports-models/nba
Script: nba_rebounds_props_model.py
============================================================

[1m[96m================================================================================[0m
[1m[96mNBA REBOUNDS PROPS A.I. MODEL[0m
[1m[96m================================================================================[0m

[96m==========================================================================================[0m
[96müéØ GRADING PENDING PICKS[0m
[96m==========================================================================================[0m

[93müìã Found 21 pending picks...[0m

[96m  Checking Kel'el Ware (Miami Heat) on 2025-12-16...[0m
[93m  ‚ö† Could not find stats for Kel'el Ware on 2025-12-16 - will retry later[0m
[96m  Checking Mitchell Robinson (New York Knicks) on 2025-12-17...[0m
[93m  ‚ö† Could not find stats for Mitchell Robinson on 2025-12-17 - will retry later[0m
[96m  Checking Steven Adams (Denver Nuggets) on 2025-12-16...[0m
[93m  ‚ö† Could not find stats for Steven Adams on 2025-12-16 - will retry later[0m
[96m  Checking Ace Bailey (Utah Jazz) on 2025-12-16...[0m
[93m  ‚ö† Could not find stats for Ace Bailey on 2025-12-16 - will retry later[0m
[96m  Checking Steven Adams (Denver Nuggets) on 2025-12-16...[0m
[93m  ‚ö† Could not find stats for Steven Adams on 2025-12-16 - will retry later[0m
[96m  Checking Kyle Filipowski (Utah Jazz) on 2025-12-16...[0m
[93m  ‚ö† Could not find stats for Kyle Filipowski on 2025-12-16 - will retry later[0m
[96m  Checking Daniel Gafford (Dallas Mavericks) on 2025-12-16...[0m
[93m  ‚ö† Could not find stats for Daniel Gafford on 2025-12-16 - will retry later[0m
[96m  Checking Steven Adams (Denver Nuggets) on 2025-12-16...[0m
[93m  ‚ö† Could not find stats for Steven Adams on 2025-12-16 - will retry later[0m
[96m  Checking Cedric Coward (Los Angeles Clippers) on 2025-12-16...[0m
[93m  ‚ö† Could not find stats for Cedric Coward on 2025-12-16 - will retry later[0m
[96m  Checking Santi Aldama (Los Angeles Clippers) on 2025-12-16...[0m
[93m  ‚ö† Could not find stats for Santi Aldama on 2025-12-16 - will retry later[0m
[96m  Checking Bruce Brown (Denver Nuggets) on 2025-12-16...[0m
[93m  ‚ö† Could not find stats for Bruce Brown on 2025-12-16 - will retry later[0m
[96m  Checking Ivica Zubac (Los Angeles Clippers) on 2025-12-16...[0m
[93m  ‚ö† Could not find stats for Ivica Zubac on 2025-12-16 - will retry later[0m
[96m  Checking Kawhi Leonard (Los Angeles Clippers) on 2025-12-16...[0m
[93m  ‚ö† Could not find stats for Kawhi Leonard on 2025-12-16 - will retry later[0m
[96m  Checking Julian Champagnie (San Antonio Spurs) on 2025-12-17...[0m
[93m  ‚ö† Could not find stats for Julian Champagnie on 2025-12-17 - will retry later[0m
[96m  Checking Keldon Johnson (San Antonio Spurs) on 2025-12-17...[0m
[93m  ‚ö† Could not find stats for Keldon Johnson on 2025-12-17 - will retry later[0m
[96m  Checking Victor Wembanyama (San Antonio Spurs) on 2025-12-17...[0m
[93m  ‚ö† Could not find stats for Victor Wembanyama on 2025-12-17 - will retry later[0m

[93mNo picks ready for grading yet[0m

[96mFetching REAL NBA player rebounding statistics...[0m
[96m  Fetching season rebounding stats...[0m
[91m‚úó Error fetching NBA player rebounding stats: HTTPSConnectionPool(host='stats.nba.com', port=443): Read timed out. (read timeout=30)[0m
Traceback (most recent call last):
  File "/Library/Frameworks/Python.framework/Versions/3.13/lib/python3.13/site-packages/urllib3/connectionpool.py", line 534, in _make_request
    response = conn.getresponse()
  File "/Library/Frameworks/Python.framework/Versions/3.13/lib/python3.13/site-packages/urllib3/connection.py", line 565, in getresponse
    httplib_response = super().getresponse()
  File "/Library/Frameworks/Python.framework/Versions/3.13/lib/python3.13/http/client.py", line 1430, in getresponse
    response.begin()
    ~~~~~~~~~~~~~~^^
  File "/Library/Frameworks/Python.framework/Versions/3.13/lib/python3.13/http/client.py", line 331, in begin
    version, status, reason = self._read_status()
                              ~~~~~~~~~~~~~~~~~^^
  File "/Library/Frameworks/Python.framework/Versions/3.13/lib/python3.13/http/client.py", line 292, in _read_status
    line = str(self.fp.readline(_MAXLINE + 1), "iso-8859-1")
               ~~~~~~~~~~~~~~~~^^^^^^^^^^^^^^
  File "/Library/Frameworks/Python.framework/Versions/3.13/lib/python3.13/socket.py", line 719, in readinto
    return self._sock.recv_into(b)
           ~~~~~~~~~~~~~~~~~~~~^^^
  File "/Library/Frameworks/Python.framework/Versions/3.13/lib/python3.13/ssl.py", line 1304, in recv_into
    return self.read(nbytes, buffer)
           ~~~~~~~~~^^^^^^^^^^^^^^^^
  File "/Library/Frameworks/Python.framework/Versions/3.13/lib/python3.13/ssl.py", line 1138, in read
    return self._sslobj.read(len, buffer)
           ~~~~~~~~~~~~~~~~~^^^^^^^^^^^^^
TimeoutError: The read operation timed out

The above exception was the direct cause of the following exception:

Traceback (most recent call last):
  File "/Library/Frameworks/Python.framework/Versions/3.13/lib/python3.13/site-packages/requests/adapters.py", line 486, in send
    resp = conn.urlopen(
        method=request.method,
    ...<9 lines>...
        chunked=chunked,
    )
  File "/Library/Frameworks/Python.framework/Versions/3.13/lib/python3.13/site-packages/urllib3/connectionpool.py", line 841, in urlopen
    retries = retries.increment(
        method, url, error=new_e, _pool=self, _stacktrace=sys.exc_info()[2]
    )
  File "/Library/Frameworks/Python.framework/Versions/3.13/lib/python3.13/site-packages/urllib3/util/retry.py", line 474, in increment
    raise reraise(type(error), error, _stacktrace)
          ~~~~~~~^^^^^^^^^^^^^^^^^^^^^^^^^^^^^^^^^
  File "/Library/Frameworks/Python.framework/Versions/3.13/lib/python3.13/site-packages/urllib3/util/util.py", line 39, in reraise
    raise value
  File "/Library/Frameworks/Python.framework/Versions/3.13/lib/python3.13/site-packages/urllib3/connectionpool.py", line 787, in urlopen
    response = self._make_request(
        conn,
    ...<10 lines>...
        **response_kw,
    )
  File "/Library/Frameworks/Python.framework/Versions/3.13/lib/python3.13/site-packages/urllib3/connectionpool.py", line 536, in _make_request
    self._raise_timeout(err=e, url=url, timeout_value=read_timeout)
    ~~~~~~~~~~~~~~~~~~~^^^^^^^^^^^^^^^^^^^^^^^^^^^^^^^^^^^^^^^^^^^^
  File "/Library/Frameworks/Python.framework/Versions/3.13/lib/python3.13/site-packages/urllib3/connectionpool.py", line 367, in _raise_timeout
    raise ReadTimeoutError(
        self, url, f"Read timed out. (read timeout={timeout_value})"
    ) from err
urllib3.exceptions.ReadTimeoutError: HTTPSConnectionPool(host='stats.nba.com', port=443): Read timed out. (read timeout=30)

During handling of the above exception, another exception occurred:

Traceback (most recent call last):
  File "/Users/rico/sports-models/nba/nba_rebounds_props_model.py", line 498, in get_nba_player_rebounds_stats
    season_stats = leaguedashplayerstats.LeagueDashPlayerStats(
        season=CURRENT_SEASON,
    ...<2 lines>...
        timeout=30,
    )
  File "/Library/Frameworks/Python.framework/Versions/3.13/lib/python3.13/site-packages/nba_api/stats/endpoints/leaguedashplayerstats.py", line 194, in __init__
    self.get_request()
    ~~~~~~~~~~~~~~~~^^
  File "/Library/Frameworks/Python.framework/Versions/3.13/lib/python3.13/site-packages/nba_api/stats/endpoints/leaguedashplayerstats.py", line 197, in get_request
    self.nba_response = NBAStatsHTTP().send_api_request(
                        ~~~~~~~~~~~~~~~~~~~~~~~~~~~~~~~^
        endpoint=self.endpoint,
        ^^^^^^^^^^^^^^^^^^^^^^^
    ...<3 lines>...
        timeout=self.timeout,
        ^^^^^^^^^^^^^^^^^^^^^
    )
    ^
  File "/Library/Frameworks/Python.framework/Versions/3.13/lib/python3.13/site-packages/nba_api/library/http.py", line 160, in send_api_request
    response = self.get_session().get(
        url=base_url,
    ...<3 lines>...
        timeout=timeout,
    )
  File "/Library/Frameworks/Python.framework/Versions/3.13/lib/python3.13/site-packages/requests/sessions.py", line 602, in get
    return self.request("GET", url, **kwargs)
           ~~~~~~~~~~~~^^^^^^^^^^^^^^^^^^^^^^
  File "/Library/Frameworks/Python.framework/Versions/3.13/lib/python3.13/site-packages/requests/sessions.py", line 589, in request
    resp = self.send(prep, **send_kwargs)
  File "/Library/Frameworks/Python.framework/Versions/3.13/lib/python3.13/site-packages/requests/sessions.py", line 703, in send
    r = adapter.send(request, **kwargs)
  File "/Library/Frameworks/Python.framework/Versions/3.13/lib/python3.13/site-packages/requests/adapters.py", line 532, in send
    raise ReadTimeout(e, request=request)
requests.exceptions.ReadTimeout: HTTPSConnectionPool(host='stats.nba.com', port=443): Read timed out. (read timeout=30)
[93m  Loading from cache as fallback...[0m

[96mFetching opponent rebounding factors...[0m
[92m‚úì Using cached rebounding factors[0m

[96mFetching player rebounds prop odds...[0m
[96m  Found 14 upcoming games[0m
[96m  Game 1/10: Cleveland Cavaliers @ Chicago Bulls[0m
[96m  Game 2/10: Memphis Grizzlies @ Minnesota Timberwolves[0m
[96m  Game 3/10: Atlanta Hawks @ Charlotte Hornets[0m
[96m  Game 4/10: New York Knicks @ Indiana Pacers[0m
[96m  Game 5/10: Miami Heat @ Brooklyn Nets[0m
[96m  Game 6/10: Houston Rockets @ New Orleans Pelicans[0m
[96m  Game 7/10: Los Angeles Clippers @ Oklahoma City Thunder[0m
[96m  Game 8/10: Toronto Raptors @ Milwaukee Bucks[0m
[96m  Game 9/10: Washington Wizards @ San Antonio Spurs[0m
[96m  Game 10/10: Detroit Pistons @ Dallas Mavericks[0m
[92m‚úì Fetched 50 player rebounds props (grouped)[0m

[96mAnalyzing 50 player props with REAL stats...[0m
[92m‚úì Found 2 top OVER plays (A.I. Score >= 7.5)[0m
[92m‚úì Found 3 top UNDER plays (A.I. Score >= 7.5)[0m
[93m  Skipped 1 props (no player stats found)[0m
[93m  Skipped 93 props (score below 7.5 or failed checks)[0m

[96m==========================================================================================[0m
[96müìä TRACKING NEW PICKS[0m
[96m==========================================================================================[0m
[92m‚úì Tracked 3 new picks[0m
[93m‚úì Updated odds for 2 existing picks[0m

[1m[92m================================================================================[0m
[1m[92mTOP OVER PLAYS[0m
[1m[92m================================================================================[0m
  [96m 1. LaMelo Ball              [0m | [92mOVER 4.5 REB   [0m | Charlotte Hornets         vs Atlanta Hawks             | [1mA.I.: 9.50[0m | Rating: 4.7 ‚≠ê‚≠ê
  [96m 2. Lonzo Ball               [0m | [92mOVER 3.5 REB   [0m | Chicago Bulls             vs Cleveland Cavaliers       | [1mA.I.: 8.46[0m | Rating: 3.1 ‚≠ê

[1m[91m================================================================================[0m
[1m[91mTOP UNDER PLAYS[0m
[1m[91m================================================================================[0m
  [96m 1. Jarrett Allen            [0m | [91mUNDER 8.5 REB  [0m | Cleveland Cavaliers       vs Chicago Bulls             | [1mA.I.: 9.57[0m | Rating: 4.9 ‚≠ê‚≠ê
  [96m 2. Onyeka Okongwu           [0m | [91mUNDER 8.5 REB  [0m | Atlanta Hawks             vs Charlotte Hornets         | [1mA.I.: 9.13[0m | Rating: 2.9 
  [96m 3. Rudy Gobert              [0m | [91mUNDER 11.5 REB [0m | Minnesota Timberwolves    vs Memphis Grizzlies         | [1mA.I.: 9.01[0m | Rating: 2.4 

[96mGenerating HTML report...[0m

[92m‚úì HTML report saved: /Users/rico/sports-models/nba/nba_rebounds_props.html[0m

[1m[92m================================================================================[0m
[1m[92m‚úì Model execution complete![0m
[1m[92m================================================================================[0m

‚úÖ Completed: nba_rebounds_props at Wed Dec 17 18:10:39 EST 2025

üì§ Auto-pushing model outputs to GitHub...
[main 6a0b80f] Update model outputs - 2025-12-17 18:10:39
 Committer: Ricardo Hill <rico@Ricos-M1-Mac-2.local>
Your name and email address were configured automatically based
on your username and hostname. Please check that they are accurate.
You can suppress this message by setting them explicitly. Run the
following command and follow the instructions in your editor to edit
your configuration file:

    git config --global --edit

After doing this, you may fix the identity used for this commit with:

    git commit --amend --reset-author

 2 files changed, 207 insertions(+), 15 deletions(-)
To https://github.com/BangLetsGetIt/NBA-NCAA-Betting-Models.git
   a933604..6a0b80f  main -> main
‚úÖ Successfully pushed to GitHub!
‚úÖ Auto-push succeeded at Wed Dec 17 18:10:41 EST 2025
