============================================================
Scheduler run: nba_points_props
Time: Mon Dec 15 02:35:04 EST 2025
Working dir: /Users/rico/sports-models/nba
Script: nba_points_props_model.py
============================================================

[1m[96m================================================================================[0m
[1m[96mNBA POINTS PROPS A.I. MODEL[0m
[1m[96m================================================================================[0m

[96m==========================================================================================[0m
[96müéØ GRADING PENDING PICKS[0m
[96m==========================================================================================[0m

[93müìã Found 64 pending picks...[0m

[93m  ‚ö† Could not find stats for Tyrese Maxey on 2025-12-13[0m
[93m  ‚ö† Could not find stats for Brandon Williams on 2025-12-13[0m
[93m  ‚ö† Could not find stats for Brandon Williams on 2025-12-13[0m
[93m    Could not find player Carlton Carrington in NBA API[0m
[93m  ‚ö† Could not find stats for Carlton Carrington on 2025-12-14[0m
[93m  ‚ö† Could not find stats for Trey Murphy III on 2025-12-15[0m
[93m  ‚ö† Could not find stats for Zion Williamson on 2025-12-15[0m
[93m  ‚ö† Could not find stats for Jordan Poole on 2025-12-15[0m
[93m  ‚ö† Could not find stats for Jeremiah Fears on 2025-12-15[0m
[93m    Could not find player Carlton Carrington in NBA API[0m
[93m  ‚ö† Could not find stats for Carlton Carrington on 2025-12-14[0m
[93m  ‚ö† Could not find stats for Jordan Poole on 2025-12-15[0m
[93m  ‚ö† Could not find stats for Isaac Okoro on 2025-12-15[0m
[93m  ‚ö† Could not find stats for Keegan Murray on 2025-12-15[0m
[93m  ‚ö† Could not find stats for Josh Giddey on 2025-12-15[0m
[93m  ‚ö† Could not find stats for Zion Williamson on 2025-12-15[0m
[93m  ‚ö† Could not find stats for Jordan Poole on 2025-12-15[0m
[93m  ‚ö† Could not find stats for Kevin Porter Jr. on 2025-12-14[0m
[93m  ‚ö† Could not find stats for Keegan Murray on 2025-12-15[0m
[93m  ‚ö† Could not find stats for Malik Monk on 2025-12-15[0m
[93m  ‚ö† Could not find stats for Trey Murphy III on 2025-12-15[0m
[93m  ‚ö† Could not find stats for Trey Murphy III on 2025-12-15[0m
[93m  ‚ö† Could not find stats for Josh Giddey on 2025-12-15[0m
[93m  ‚ö† Could not find stats for Coby White on 2025-12-15[0m
[93m  Error fetching stats from NBA API for Keegan Murray: HTTPSConnectionPool(host='stats.nba.com', port=443): Read timed out. (read timeout=30)[0m
[93m  ‚ö† Could not find stats for Keegan Murray on 2025-12-15[0m
[93m  Error fetching stats from NBA API for Trey Murphy III: HTTPSConnectionPool(host='stats.nba.com', port=443): Read timed out. (read timeout=30)[0m
[93m  ‚ö† Could not find stats for Trey Murphy III on 2025-12-15[0m
[93m  Error fetching stats from NBA API for Josh Giddey: HTTPSConnectionPool(host='stats.nba.com', port=443): Read timed out. (read timeout=30)[0m
[93m  ‚ö† Could not find stats for Josh Giddey on 2025-12-15[0m
[93m  Error fetching stats from NBA API for Zion Williamson: HTTPSConnectionPool(host='stats.nba.com', port=443): Read timed out. (read timeout=30)[0m
[93m  ‚ö† Could not find stats for Zion Williamson on 2025-12-15[0m
[93m  ‚ö† Could not find stats for Naz Reid on 2025-12-15[0m
[93m  ‚ö† Could not find stats for DeMar DeRozan on 2025-12-15[0m
[93m  ‚ö† Could not find stats for Jaden McDaniels on 2025-12-15[0m
[93m  ‚ö† Could not find stats for Julius Randle on 2025-12-15[0m
[93m  ‚ö† Could not find stats for Donte DiVincenzo on 2025-12-15[0m
[93m    Could not find player Jimmy Butler in NBA API[0m
[93m  ‚ö† Could not find stats for Jimmy Butler on 2025-12-15[0m
[93m  ‚ö† Could not find stats for Donovan Clingan on 2025-12-15[0m
[93m  ‚ö† Could not find stats for Mark Williams on 2025-12-15[0m
[93m  ‚ö† Could not find stats for LeBron James on 2025-12-15[0m
[93m  ‚ö† Could not find stats for Devin Booker on 2025-12-15[0m
[93m  ‚ö† Could not find stats for Stephen Curry on 2025-12-15[0m
[93m  ‚ö† Could not find stats for Draymond Green on 2025-12-15[0m
[93m  ‚ö† Could not find stats for Donovan Clingan on 2025-12-15[0m
[93m  ‚ö† Could not find stats for Mark Williams on 2025-12-15[0m
[93m  ‚ö† Could not find stats for LeBron James on 2025-12-15[0m
[93m  ‚ö† Could not find stats for Devin Booker on 2025-12-15[0m
[93m  Error fetching stats from NBA API for Jerami Grant: HTTPSConnectionPool(host='stats.nba.com', port=443): Read timed out. (read timeout=30)[0m
[93m  ‚ö† Could not find stats for Jerami Grant on 2025-12-15[0m
[93m  Error fetching stats from NBA API for Stephen Curry: HTTPSConnectionPool(host='stats.nba.com', port=443): Read timed out. (read timeout=30)[0m
[93m  ‚ö† Could not find stats for Stephen Curry on 2025-12-15[0m
[93m  Error fetching stats from NBA API for Dillon Brooks: HTTPSConnectionPool(host='stats.nba.com', port=443): Read timed out. (read timeout=30)[0m
[93m  ‚ö† Could not find stats for Dillon Brooks on 2025-12-15[0m
[93m  Error fetching stats from NBA API for Dillon Brooks: HTTPSConnectionPool(host='stats.nba.com', port=443): Read timed out. (read timeout=30)[0m
[93m  ‚ö† Could not find stats for Dillon Brooks on 2025-12-15[0m
[93m  Error fetching stats from NBA API for Mark Williams: HTTPSConnectionPool(host='stats.nba.com', port=443): Read timed out. (read timeout=30)[0m
[93m  ‚ö† Could not find stats for Mark Williams on 2025-12-15[0m
[93m  Error fetching stats from NBA API for Donovan Clingan: HTTPSConnectionPool(host='stats.nba.com', port=443): Read timed out. (read timeout=30)[0m
[93m  ‚ö† Could not find stats for Donovan Clingan on 2025-12-15[0m
[93m  Error fetching stats from NBA API for Deandre Ayton: HTTPSConnectionPool(host='stats.nba.com', port=443): Read timed out. (read timeout=30)[0m
[93m  ‚ö† Could not find stats for Deandre Ayton on 2025-12-15[0m
[93m  Error fetching stats from NBA API for Deandre Ayton: HTTPSConnectionPool(host='stats.nba.com', port=443): Read timed out. (read timeout=30)[0m
[93m  ‚ö† Could not find stats for Deandre Ayton on 2025-12-15[0m
[93m  Error fetching stats from NBA API for Devin Booker: HTTPSConnectionPool(host='stats.nba.com', port=443): Read timed out. (read timeout=30)[0m
[93m  ‚ö† Could not find stats for Devin Booker on 2025-12-15[0m
[93m  Error fetching stats from NBA API for Grayson Allen: HTTPSConnectionPool(host='stats.nba.com', port=443): Read timed out. (read timeout=30)[0m
[93m  ‚ö† Could not find stats for Grayson Allen on 2025-12-15[0m
[93m  Error fetching stats from NBA API for Grayson Allen: HTTPSConnectionPool(host='stats.nba.com', port=443): Read timed out. (read timeout=30)[0m
[93m  ‚ö† Could not find stats for Grayson Allen on 2025-12-15[0m
[93m    Could not find player Jimmy Butler in NBA API[0m
[93m  ‚ö† Could not find stats for Jimmy Butler on 2025-12-15[0m
[93m  Error fetching stats from NBA API for Stephen Curry: HTTPSConnectionPool(host='stats.nba.com', port=443): Read timed out. (read timeout=30)[0m
[93m  ‚ö† Could not find stats for Stephen Curry on 2025-12-15[0m
[93m  Error fetching stats from NBA API for Shaedon Sharpe: HTTPSConnectionPool(host='stats.nba.com', port=443): Read timed out. (read timeout=30)[0m
[93m  ‚ö† Could not find stats for Shaedon Sharpe on 2025-12-15[0m

[93mNo picks ready for grading yet[0m

[96mFetching REAL NBA player points statistics...[0m
[96m  Fetching season points stats...[0m
[91m‚úó Error fetching NBA stats: HTTPSConnectionPool(host='stats.nba.com', port=443): Read timed out. (read timeout=30)[0m
Traceback (most recent call last):
  File "/Library/Frameworks/Python.framework/Versions/3.13/lib/python3.13/site-packages/urllib3/connectionpool.py", line 534, in _make_request
    response = conn.getresponse()
  File "/Library/Frameworks/Python.framework/Versions/3.13/lib/python3.13/site-packages/urllib3/connection.py", line 565, in getresponse
    httplib_response = super().getresponse()
  File "/Library/Frameworks/Python.framework/Versions/3.13/lib/python3.13/http/client.py", line 1430, in getresponse
    response.begin()
    ~~~~~~~~~~~~~~^^
  File "/Library/Frameworks/Python.framework/Versions/3.13/lib/python3.13/http/client.py", line 331, in begin
    version, status, reason = self._read_status()
                              ~~~~~~~~~~~~~~~~~^^
  File "/Library/Frameworks/Python.framework/Versions/3.13/lib/python3.13/http/client.py", line 292, in _read_status
    line = str(self.fp.readline(_MAXLINE + 1), "iso-8859-1")
               ~~~~~~~~~~~~~~~~^^^^^^^^^^^^^^
  File "/Library/Frameworks/Python.framework/Versions/3.13/lib/python3.13/socket.py", line 719, in readinto
    return self._sock.recv_into(b)
           ~~~~~~~~~~~~~~~~~~~~^^^
  File "/Library/Frameworks/Python.framework/Versions/3.13/lib/python3.13/ssl.py", line 1304, in recv_into
    return self.read(nbytes, buffer)
           ~~~~~~~~~^^^^^^^^^^^^^^^^
  File "/Library/Frameworks/Python.framework/Versions/3.13/lib/python3.13/ssl.py", line 1138, in read
    return self._sslobj.read(len, buffer)
           ~~~~~~~~~~~~~~~~~^^^^^^^^^^^^^
TimeoutError: The read operation timed out

The above exception was the direct cause of the following exception:

Traceback (most recent call last):
  File "/Library/Frameworks/Python.framework/Versions/3.13/lib/python3.13/site-packages/requests/adapters.py", line 486, in send
    resp = conn.urlopen(
        method=request.method,
    ...<9 lines>...
        chunked=chunked,
    )
  File "/Library/Frameworks/Python.framework/Versions/3.13/lib/python3.13/site-packages/urllib3/connectionpool.py", line 841, in urlopen
    retries = retries.increment(
        method, url, error=new_e, _pool=self, _stacktrace=sys.exc_info()[2]
    )
  File "/Library/Frameworks/Python.framework/Versions/3.13/lib/python3.13/site-packages/urllib3/util/retry.py", line 474, in increment
    raise reraise(type(error), error, _stacktrace)
          ~~~~~~~^^^^^^^^^^^^^^^^^^^^^^^^^^^^^^^^^
  File "/Library/Frameworks/Python.framework/Versions/3.13/lib/python3.13/site-packages/urllib3/util/util.py", line 39, in reraise
    raise value
  File "/Library/Frameworks/Python.framework/Versions/3.13/lib/python3.13/site-packages/urllib3/connectionpool.py", line 787, in urlopen
    response = self._make_request(
        conn,
    ...<10 lines>...
        **response_kw,
    )
  File "/Library/Frameworks/Python.framework/Versions/3.13/lib/python3.13/site-packages/urllib3/connectionpool.py", line 536, in _make_request
    self._raise_timeout(err=e, url=url, timeout_value=read_timeout)
    ~~~~~~~~~~~~~~~~~~~^^^^^^^^^^^^^^^^^^^^^^^^^^^^^^^^^^^^^^^^^^^^
  File "/Library/Frameworks/Python.framework/Versions/3.13/lib/python3.13/site-packages/urllib3/connectionpool.py", line 367, in _raise_timeout
    raise ReadTimeoutError(
        self, url, f"Read timed out. (read timeout={timeout_value})"
    ) from err
urllib3.exceptions.ReadTimeoutError: HTTPSConnectionPool(host='stats.nba.com', port=443): Read timed out. (read timeout=30)

During handling of the above exception, another exception occurred:

Traceback (most recent call last):
  File "/Users/rico/sports-models/nba/nba_points_props_model.py", line 402, in get_nba_player_points_stats
    season_stats = leaguedashplayerstats.LeagueDashPlayerStats(
        season=CURRENT_SEASON,
    ...<2 lines>...
        timeout=30
    )
  File "/Library/Frameworks/Python.framework/Versions/3.13/lib/python3.13/site-packages/nba_api/stats/endpoints/leaguedashplayerstats.py", line 194, in __init__
    self.get_request()
    ~~~~~~~~~~~~~~~~^^
  File "/Library/Frameworks/Python.framework/Versions/3.13/lib/python3.13/site-packages/nba_api/stats/endpoints/leaguedashplayerstats.py", line 197, in get_request
    self.nba_response = NBAStatsHTTP().send_api_request(
                        ~~~~~~~~~~~~~~~~~~~~~~~~~~~~~~~^
        endpoint=self.endpoint,
        ^^^^^^^^^^^^^^^^^^^^^^^
    ...<3 lines>...
        timeout=self.timeout,
        ^^^^^^^^^^^^^^^^^^^^^
    )
    ^
  File "/Library/Frameworks/Python.framework/Versions/3.13/lib/python3.13/site-packages/nba_api/library/http.py", line 160, in send_api_request
    response = self.get_session().get(
        url=base_url,
    ...<3 lines>...
        timeout=timeout,
    )
  File "/Library/Frameworks/Python.framework/Versions/3.13/lib/python3.13/site-packages/requests/sessions.py", line 602, in get
    return self.request("GET", url, **kwargs)
           ~~~~~~~~~~~~^^^^^^^^^^^^^^^^^^^^^^
  File "/Library/Frameworks/Python.framework/Versions/3.13/lib/python3.13/site-packages/requests/sessions.py", line 589, in request
    resp = self.send(prep, **send_kwargs)
  File "/Library/Frameworks/Python.framework/Versions/3.13/lib/python3.13/site-packages/requests/sessions.py", line 703, in send
    r = adapter.send(request, **kwargs)
  File "/Library/Frameworks/Python.framework/Versions/3.13/lib/python3.13/site-packages/requests/adapters.py", line 532, in send
    raise ReadTimeout(e, request=request)
requests.exceptions.ReadTimeout: HTTPSConnectionPool(host='stats.nba.com', port=443): Read timed out. (read timeout=30)
[93m  Loading from cache as fallback...[0m

[96mFetching opponent defense factors...[0m
[93m‚ö† Could not fetch defense factors: HTTPSConnectionPool(host='stats.nba.com', port=443): Read timed out. (read timeout=30)[0m

[96mFetching player points prop odds...[0m
[96m  Found 6 upcoming games[0m
[96m  Game 1/6: Detroit Pistons @ Boston Celtics[0m
[96m  Game 2/6: Toronto Raptors @ Miami Heat[0m
[96m  Game 3/6: Dallas Mavericks @ Utah Jazz[0m
[96m  Game 4/6: Houston Rockets @ Denver Nuggets[0m
[96m  Game 5/6: Memphis Grizzlies @ Los Angeles Clippers[0m
[96m  Game 6/6: San Antonio Spurs @ New York Knicks[0m
[92m‚úì Fetched 154 total player props[0m

[96mAnalyzing 154 player props with REAL stats...[0m
[92m‚úì Found 5 top OVER plays (A.I. Score >= 9.5)[0m
[92m‚úì Found 2 top UNDER plays (A.I. Score >= 9.5)[0m
[93m  Skipped 6 props (no player stats found)[0m
[93m  Skipped 262 props (score below 9.5)[0m

[96m==========================================================================================[0m
[96müìä TRACKING NEW PICKS[0m
[96m==========================================================================================[0m
[92m‚úì Tracked 4 new picks[0m

[1m[92m================================================================================[0m
[1m[92mTOP OVER PLAYS[0m
[1m[92m================================================================================[0m
  [96m 1. Norman Powell            [0m | [92mOVER 21.5 PTS  [0m | Miami Heat vs Toronto Raptors | [1mA.I.: 10.00[0m | Rating: 4.9 ‚≠ê‚≠ê
  [96m 2. Tyler Herro              [0m | [92mOVER 21.5 PTS  [0m | Miami Heat vs Toronto Raptors | [1mA.I.: 10.00[0m | Rating: 4.9 ‚≠ê‚≠ê
  [96m 3. Kel'el Ware              [0m | [92mOVER 7.5 PTS   [0m | Miami Heat vs Toronto Raptors | [1mA.I.: 10.00[0m | Rating: 4.9 ‚≠ê‚≠ê
  [96m 4. Brandon Williams         [0m | [92mOVER 8.5 PTS   [0m | Utah Jazz vs Dallas Mavericks | [1mA.I.: 10.00[0m | Rating: 4.9 ‚≠ê‚≠ê
  [96m 5. Reed Sheppard            [0m | [92mOVER 10.5 PTS  [0m | Denver Nuggets vs Houston Rockets | [1mA.I.: 10.00[0m | Rating: 4.9 ‚≠ê‚≠ê

[1m[91m================================================================================[0m
[1m[91mTOP UNDER PLAYS[0m
[1m[91m================================================================================[0m
  [96m 1. Kyle Filipowski          [0m | [91mUNDER 12.5 PTS [0m | Utah Jazz vs Dallas Mavericks | [1mA.I.: 10.00[0m | Rating: 4.9 ‚≠ê‚≠ê
  [96m 2. Anthony Davis            [0m | [91mUNDER 23.5 PTS [0m | Utah Jazz vs Dallas Mavericks | [1mA.I.: 10.00[0m | Rating: 4.9 ‚≠ê‚≠ê

[96mGenerating HTML report...[0m

[92m‚úì HTML report saved: /Users/rico/sports-models/nba/nba_points_props.html[0m

[1m[92m================================================================================[0m
[1m[92m‚úì Model execution complete![0m
[1m[92m================================================================================[0m

‚úÖ Completed: nba_points_props at Mon Dec 15 02:44:47 EST 2025

üì§ Auto-pushing model outputs to GitHub...
[main dbc496f] Update model outputs - 2025-12-15 02:44:47
 Committer: Ricardo Hill <rico@Ricos-M1-Mac-2.local>
Your name and email address were configured automatically based
on your username and hostname. Please check that they are accurate.
You can suppress this message by setting them explicitly. Run the
following command and follow the instructions in your editor to edit
your configuration file:

    git config --global --edit

After doing this, you may fix the identity used for this commit with:

    git commit --amend --reset-author

 2 files changed, 163 insertions(+), 16 deletions(-)
To https://github.com/BangLetsGetIt/NBA-NCAA-Betting-Models.git
   4b80805..dbc496f  main -> main
‚úÖ Successfully pushed to GitHub!
‚úÖ Auto-push succeeded at Mon Dec 15 02:44:47 EST 2025
